Deleted previous job folder from /home/skushwaha/window_detection/DLG2_p2/Outputs/run1
Job folder created at: /home/skushwaha/window_detection/DLG2_p2/Outputs/run1
Trained model path created at: /home/skushwaha/window_detection/DLG2_p2/Outputs/trained_model
device cuda:0
dataset init
Epoch 1

 batch 0
 batch 1
 batch 2
 batch 3
 batch 4
 batch 5
 batch 6
 batch 7
 batch 8
 batch 9
 batch 10
 batch 11
 batch 12
 batch 13
 batch 14
 batch 15
 batch 16
 batch 17
 batch 18
 batch 19
 batch 20
 batch 21
 batch 22
 batch 23
 batch 24
 batch 25
 batch 26
 batch 27
 batch 28
 batch 29
 batch 30
 batch 31
 batch 32
 batch 33
 batch 34
 batch 35
 batch 36
 batch 37
 batch 38
 batch 39
 batch 0
Shapes: 
torch.Size([1, 1, 1464, 2304])
torch.Size([1, 1, 1464, 2304])
 batch 1
Shapes: 
torch.Size([1, 1, 1464, 2304])
torch.Size([1, 1, 1464, 2304])
 batch 2
Shapes: 
torch.Size([1, 1, 1464, 2304])
torch.Size([1, 1, 1464, 2304])
 batch 3
Shapes: 
torch.Size([1, 1, 1464, 2304])
torch.Size([1, 1, 1464, 2304])
 batch 4
Shapes: 
torch.Size([1, 1, 1464, 2304])
torch.Size([1, 1, 1464, 2304])
Epoch 2

 batch 0
 batch 1
 batch 2
 batch 3
 batch 4
 batch 5
 batch 6
 batch 7
 batch 8
 batch 9
 batch 10
 batch 11
 batch 12
 batch 13
 batch 14
 batch 15
 batch 16
 batch 17
 batch 18
 batch 19
 batch 20
 batch 21
 batch 22
 batch 23
 batch 24
 batch 25
 batch 26
 batch 27
 batch 28
 batch 29
 batch 30
 batch 31
 batch 32
 batch 33
 batch 34
 batch 35
 batch 36
 batch 37
 batch 38
 batch 39
 batch 0
Shapes: 
torch.Size([1, 1, 1464, 2304])
torch.Size([1, 1, 1464, 2304])
 batch 1
Shapes: 
torch.Size([1, 1, 1464, 2304])
torch.Size([1, 1, 1464, 2304])
 batch 2
Shapes: 
torch.Size([1, 1, 1464, 2304])
torch.Size([1, 1, 1464, 2304])
 batch 3
Shapes: 
torch.Size([1, 1, 1464, 2304])
torch.Size([1, 1, 1464, 2304])
 batch 4
Shapes: 
torch.Size([1, 1, 1464, 2304])
torch.Size([1, 1, 1464, 2304])
