Loading miniconda3/24.7.1/3q6zf43
  Loading requirement: gcc-runtime/13.2.0/yimvxxm
WARNING: A conda environment already exists at '/home/ctnguyen/.conda/envs/lab2'
Remove existing environment (y/[n])? 

CondaSystemExit: Exiting.

Channels:
 - defaults
 - pytorch
Platform: linux-64
Collecting package metadata (repodata.json): ...working... done
Solving environment: ...working... done

## Package Plan ##

  environment location: /home/ctnguyen/.conda/envs/lab2

  added / updated specs:
    - pytorch::pytorch


The following packages will be downloaded:

    package                    |            build
    ---------------------------|-----------------
    filelock-3.13.1            |  py312h06a4308_0          24 KB
    jinja2-3.1.4               |  py312h06a4308_0         355 KB
    llvm-openmp-14.0.6         |       h9e868ea_0         4.4 MB
    markupsafe-2.1.3           |  py312h5eee18b_0          25 KB
    mpmath-1.3.0               |  py312h06a4308_0         988 KB
    networkx-3.2.1             |  py312h06a4308_0         2.9 MB
    pytorch-2.4.1              |     py3.12_cpu_0        88.2 MB  pytorch
    pytorch-mutex-1.0          |              cpu           3 KB  pytorch
    pyyaml-6.0.1               |  py312h5eee18b_0         186 KB
    sympy-1.13.2               |  py312h06a4308_0        15.0 MB
    typing_extensions-4.11.0   |  py312h06a4308_0          71 KB
    yaml-0.2.5                 |       h7b6447c_0          75 KB
    ------------------------------------------------------------
                                           Total:       112.1 MB

The following NEW packages will be INSTALLED:

  filelock           pkgs/main/linux-64::filelock-3.13.1-py312h06a4308_0 
  jinja2             pkgs/main/linux-64::jinja2-3.1.4-py312h06a4308_0 
  llvm-openmp        pkgs/main/linux-64::llvm-openmp-14.0.6-h9e868ea_0 
  markupsafe         pkgs/main/linux-64::markupsafe-2.1.3-py312h5eee18b_0 
  mpmath             pkgs/main/linux-64::mpmath-1.3.0-py312h06a4308_0 
  networkx           pkgs/main/linux-64::networkx-3.2.1-py312h06a4308_0 
  pytorch            pytorch/linux-64::pytorch-2.4.1-py3.12_cpu_0 
  pytorch-mutex      pytorch/noarch::pytorch-mutex-1.0-cpu 
  pyyaml             pkgs/main/linux-64::pyyaml-6.0.1-py312h5eee18b_0 
  sympy              pkgs/main/linux-64::sympy-1.13.2-py312h06a4308_0 
  typing_extensions  pkgs/main/linux-64::typing_extensions-4.11.0-py312h06a4308_0 
  yaml               pkgs/main/linux-64::yaml-0.2.5-h7b6447c_0 


Proceed ([y]/n)? 

Downloading and Extracting Packages: ...working... done
Preparing transaction: ...working... done
Verifying transaction: ...working... done
Executing transaction: ...working... done
Channels:
 - defaults
 - pytorch
Platform: linux-64
Collecting package metadata (repodata.json): ...working... done
Solving environment: ...working... done

## Package Plan ##

  environment location: /home/ctnguyen/.conda/envs/lab2

  added / updated specs:
    - pytorch::torchvision


The following packages will be downloaded:

    package                    |            build
    ---------------------------|-----------------
    certifi-2024.8.30          |  py312h06a4308_0         163 KB
    ffmpeg-4.2.2               |       h20bf706_0        59.6 MB
    gmp-6.2.1                  |       h295c915_3         544 KB
    gnutls-3.6.15              |       he1e5248_0         1.0 MB
    lame-3.100                 |       h7b6447c_0         323 KB
    libidn2-2.3.4              |       h5eee18b_0         146 KB
    libjpeg-turbo-2.0.0        |       h9bf148f_0         950 KB  pytorch
    libopus-1.3.1              |       h7b6447c_0         491 KB
    libtasn1-4.19.0            |       h5eee18b_0          63 KB
    libunistring-0.9.10        |       h27cfd23_0         536 KB
    libvpx-1.7.0               |       h439df22_0         1.2 MB
    nettle-3.7.3               |       hbbd107a_1         809 KB
    openh264-2.1.1             |       h4ff587b_0         711 KB
    torchvision-0.19.1         |        py312_cpu         7.0 MB  pytorch
    x264-1!157.20191217        |       h7b6447c_0         922 KB
    ------------------------------------------------------------
                                           Total:        74.4 MB

The following NEW packages will be INSTALLED:

  brotli-python      pkgs/main/linux-64::brotli-python-1.0.9-py312h6a678d5_8 
  certifi            pkgs/main/linux-64::certifi-2024.8.30-py312h06a4308_0 
  charset-normalizer pkgs/main/noarch::charset-normalizer-3.3.2-pyhd3eb1b0_0 
  ffmpeg             pkgs/main/linux-64::ffmpeg-4.2.2-h20bf706_0 
  freetype           pkgs/main/linux-64::freetype-2.12.1-h4a9f257_0 
  gmp                pkgs/main/linux-64::gmp-6.2.1-h295c915_3 
  gnutls             pkgs/main/linux-64::gnutls-3.6.15-he1e5248_0 
  idna               pkgs/main/linux-64::idna-3.7-py312h06a4308_0 
  jpeg               pkgs/main/linux-64::jpeg-9e-h5eee18b_3 
  lame               pkgs/main/linux-64::lame-3.100-h7b6447c_0 
  lcms2              pkgs/main/linux-64::lcms2-2.12-h3be6417_0 
  lerc               pkgs/main/linux-64::lerc-3.0-h295c915_0 
  libdeflate         pkgs/main/linux-64::libdeflate-1.17-h5eee18b_1 
  libidn2            pkgs/main/linux-64::libidn2-2.3.4-h5eee18b_0 
  libjpeg-turbo      pytorch/linux-64::libjpeg-turbo-2.0.0-h9bf148f_0 
  libopus            pkgs/main/linux-64::libopus-1.3.1-h7b6447c_0 
  libpng             pkgs/main/linux-64::libpng-1.6.39-h5eee18b_0 
  libtasn1           pkgs/main/linux-64::libtasn1-4.19.0-h5eee18b_0 
  libtiff            pkgs/main/linux-64::libtiff-4.5.1-h6a678d5_0 
  libunistring       pkgs/main/linux-64::libunistring-0.9.10-h27cfd23_0 
  libvpx             pkgs/main/linux-64::libvpx-1.7.0-h439df22_0 
  libwebp-base       pkgs/main/linux-64::libwebp-base-1.3.2-h5eee18b_0 
  lz4-c              pkgs/main/linux-64::lz4-c-1.9.4-h6a678d5_1 
  nettle             pkgs/main/linux-64::nettle-3.7.3-hbbd107a_1 
  numpy              pkgs/main/linux-64::numpy-2.0.1-py312hc5e2394_1 
  numpy-base         pkgs/main/linux-64::numpy-base-2.0.1-py312h0da6c21_1 
  openh264           pkgs/main/linux-64::openh264-2.1.1-h4ff587b_0 
  openjpeg           pkgs/main/linux-64::openjpeg-2.5.2-he7f1fd0_0 
  pillow             pkgs/main/linux-64::pillow-10.4.0-py312h5eee18b_0 
  pysocks            pkgs/main/linux-64::pysocks-1.7.1-py312h06a4308_0 
  requests           pkgs/main/linux-64::requests-2.32.3-py312h06a4308_0 
  torchvision        pytorch/linux-64::torchvision-0.19.1-py312_cpu 
  urllib3            pkgs/main/linux-64::urllib3-2.2.2-py312h06a4308_0 
  x264               pkgs/main/linux-64::x264-1!157.20191217-h7b6447c_0 
  zstd               pkgs/main/linux-64::zstd-1.5.5-hc292b87_2 


Proceed ([y]/n)? 

Downloading and Extracting Packages: ...working... done
Preparing transaction: ...working... done
Verifying transaction: ...working... done
Executing transaction: ...working... done
Channels:
 - defaults
 - conda-forge
 - pytorch
Platform: linux-64
Collecting package metadata (repodata.json): ...working... done
Solving environment: ...working... done

## Package Plan ##

  environment location: /home/ctnguyen/.conda/envs/lab2

  added / updated specs:
    - conda-forge::wandb


The following packages will be downloaded:

    package                    |            build
    ---------------------------|-----------------
    _libgcc_mutex-0.1          |      conda_forge           3 KB  conda-forge
    _openmp_mutex-4.5          |            2_gnu          23 KB  conda-forge
    appdirs-1.4.4              |     pyhd3eb1b0_0          12 KB
    click-8.1.7                |  py312h06a4308_0         203 KB
    cuda-cudart-12.4.99        |       hd3aeb46_0          22 KB  conda-forge
    cuda-cudart_linux-64-12.4.99|       h59595ed_0         182 KB  conda-forge
    cuda-cupti-12.4.127        |       h6a678d5_1         2.0 MB
    cuda-libraries-12.4.0      |       ha770c72_0          20 KB  conda-forge
    cuda-nvrtc-12.4.99         |       hd3aeb46_0        18.0 MB  conda-forge
    cuda-nvtx-12.4.127         |       h6a678d5_1          30 KB
    cuda-opencl-12.4.99        |       h59595ed_0          29 KB  conda-forge
    cuda-runtime-12.4.0        |       ha804496_0          19 KB  conda-forge
    cuda-version-12.4          |       hbda6634_3          19 KB
    docker-pycreds-0.4.0       |     pyhd3eb1b0_0          12 KB
    gitdb-4.0.7                |     pyhd3eb1b0_0          50 KB
    gitpython-3.1.43           |  py312h06a4308_0         364 KB
    libabseil-20240116.2       | cxx17_h6a678d5_0         1.3 MB
    libcublas-12.4.2.65        |       hd3aeb46_0       228.4 MB  conda-forge
    libcufft-11.2.0.44         |       hd3aeb46_0       166.9 MB  conda-forge
    libcufile-1.9.0.20         |       hd3aeb46_0         898 KB  conda-forge
    libcurand-10.3.5.119       |       hd3aeb46_0        39.7 MB  conda-forge
    libcusolver-11.6.0.99      |       hd3aeb46_0        78.1 MB  conda-forge
    libcusparse-12.3.0.142     |       hd3aeb46_0       112.4 MB  conda-forge
    libgcc-14.1.0              |       h77fa898_1         827 KB  conda-forge
    libgcc-ng-14.1.0           |       h69a702a_1          51 KB  conda-forge
    libgomp-14.1.0             |       h77fa898_1         449 KB  conda-forge
    libnpp-12.2.5.2            |       hd3aeb46_0        94.3 MB  conda-forge
    libnvfatbin-12.4.99        |       hd3aeb46_0         773 KB  conda-forge
    libnvjitlink-12.4.99       |       hd3aeb46_0        15.8 MB  conda-forge
    libnvjpeg-12.3.1.89        |       h59595ed_0         2.4 MB  conda-forge
    libprotobuf-4.25.3         |       he621ea3_0         2.8 MB
    libstdcxx-14.1.0           |       hc0a3c3a_1         3.7 MB  conda-forge
    libstdcxx-ng-14.1.0        |       h4852527_1          51 KB  conda-forge
    ocl-icd-2.3.2              |       h5eee18b_1         136 KB
    protobuf-4.25.3            |  py312h12ddb61_0         403 KB
    psutil-5.9.0               |  py312h5eee18b_0         449 KB
    pytorch-2.4.1              |py3.12_cuda12.4_cudnn9.1.0_0        1.34 GB  pytorch
    pytorch-cuda-12.4          |       hc786d27_6           7 KB  pytorch
    pytorch-mutex-1.0          |             cuda           3 KB  pytorch
    sentry-sdk-1.9.0           |  py312h06a4308_0         278 KB
    setproctitle-1.2.2         |  py312h5eee18b_0          16 KB
    smmap-4.0.0                |     pyhd3eb1b0_0          23 KB
    torchtriton-3.0.0          |            py312       233.5 MB  pytorch
    torchvision-0.19.1         |      py312_cu124         8.4 MB  pytorch
    wandb-0.16.6               |     pyhd8ed1ab_1         1.4 MB  conda-forge
    ------------------------------------------------------------
                                           Total:        2.33 GB

The following NEW packages will be INSTALLED:

  appdirs            pkgs/main/noarch::appdirs-1.4.4-pyhd3eb1b0_0 
  click              pkgs/main/linux-64::click-8.1.7-py312h06a4308_0 
  cuda-cudart        conda-forge/linux-64::cuda-cudart-12.4.99-hd3aeb46_0 
  cuda-cudart_linux~ conda-forge/noarch::cuda-cudart_linux-64-12.4.99-h59595ed_0 
  cuda-cupti         pkgs/main/linux-64::cuda-cupti-12.4.127-h6a678d5_1 
  cuda-libraries     conda-forge/linux-64::cuda-libraries-12.4.0-ha770c72_0 
  cuda-nvrtc         conda-forge/linux-64::cuda-nvrtc-12.4.99-hd3aeb46_0 
  cuda-nvtx          pkgs/main/linux-64::cuda-nvtx-12.4.127-h6a678d5_1 
  cuda-opencl        conda-forge/linux-64::cuda-opencl-12.4.99-h59595ed_0 
  cuda-runtime       conda-forge/noarch::cuda-runtime-12.4.0-ha804496_0 
  cuda-version       pkgs/main/noarch::cuda-version-12.4-hbda6634_3 
  docker-pycreds     pkgs/main/noarch::docker-pycreds-0.4.0-pyhd3eb1b0_0 
  gitdb              pkgs/main/noarch::gitdb-4.0.7-pyhd3eb1b0_0 
  gitpython          pkgs/main/linux-64::gitpython-3.1.43-py312h06a4308_0 
  libabseil          pkgs/main/linux-64::libabseil-20240116.2-cxx17_h6a678d5_0 
  libcublas          conda-forge/linux-64::libcublas-12.4.2.65-hd3aeb46_0 
  libcufft           conda-forge/linux-64::libcufft-11.2.0.44-hd3aeb46_0 
  libcufile          conda-forge/linux-64::libcufile-1.9.0.20-hd3aeb46_0 
  libcurand          conda-forge/linux-64::libcurand-10.3.5.119-hd3aeb46_0 
  libcusolver        conda-forge/linux-64::libcusolver-11.6.0.99-hd3aeb46_0 
  libcusparse        conda-forge/linux-64::libcusparse-12.3.0.142-hd3aeb46_0 
  libgcc             conda-forge/linux-64::libgcc-14.1.0-h77fa898_1 
  libnpp             conda-forge/linux-64::libnpp-12.2.5.2-hd3aeb46_0 
  libnvfatbin        conda-forge/linux-64::libnvfatbin-12.4.99-hd3aeb46_0 
  libnvjitlink       conda-forge/linux-64::libnvjitlink-12.4.99-hd3aeb46_0 
  libnvjpeg          conda-forge/linux-64::libnvjpeg-12.3.1.89-h59595ed_0 
  libprotobuf        pkgs/main/linux-64::libprotobuf-4.25.3-he621ea3_0 
  libstdcxx          conda-forge/linux-64::libstdcxx-14.1.0-hc0a3c3a_1 
  ocl-icd            pkgs/main/linux-64::ocl-icd-2.3.2-h5eee18b_1 
  platformdirs       pkgs/main/linux-64::platformdirs-3.10.0-py312h06a4308_0 
  protobuf           pkgs/main/linux-64::protobuf-4.25.3-py312h12ddb61_0 
  psutil             pkgs/main/linux-64::psutil-5.9.0-py312h5eee18b_0 
  pytorch-cuda       pytorch/linux-64::pytorch-cuda-12.4-hc786d27_6 
  sentry-sdk         pkgs/main/linux-64::sentry-sdk-1.9.0-py312h06a4308_0 
  setproctitle       pkgs/main/linux-64::setproctitle-1.2.2-py312h5eee18b_0 
  six                pkgs/main/noarch::six-1.16.0-pyhd3eb1b0_1 
  smmap              pkgs/main/noarch::smmap-4.0.0-pyhd3eb1b0_0 
  torchtriton        pytorch/linux-64::torchtriton-3.0.0-py312 
  wandb              conda-forge/noarch::wandb-0.16.6-pyhd8ed1ab_1 

The following packages will be UPDATED:

  libgcc-ng          pkgs/main::libgcc-ng-11.2.0-h1234567_1 --> conda-forge::libgcc-ng-14.1.0-h69a702a_1 
  libgomp              pkgs/main::libgomp-11.2.0-h1234567_1 --> conda-forge::libgomp-14.1.0-h77fa898_1 
  libstdcxx-ng       pkgs/main::libstdcxx-ng-11.2.0-h12345~ --> conda-forge::libstdcxx-ng-14.1.0-h4852527_1 
  pytorch-mutex                                     1.0-cpu --> 1.0-cuda 

The following packages will be SUPERSEDED by a higher-priority channel:

  _libgcc_mutex           pkgs/main::_libgcc_mutex-0.1-main --> conda-forge::_libgcc_mutex-0.1-conda_forge 
  _openmp_mutex          pkgs/main::_openmp_mutex-5.1-1_gnu --> conda-forge::_openmp_mutex-4.5-2_gnu 

The following packages will be DOWNGRADED:

  pytorch                                2.4.1-py3.12_cpu_0 --> 2.4.1-py3.12_cuda12.4_cudnn9.1.0_0 
  torchvision                              0.19.1-py312_cpu --> 0.19.1-py312_cu124 


Proceed ([y]/n)? 

Downloading and Extracting Packages: ...working... done
Preparing transaction: ...working... done
Verifying transaction: ...working... done
Executing transaction: ...working... done
slurmstepd: error: *** JOB 713801 ON gpu-4-23 CANCELLED AT 2024-09-14T19:03:56 ***
