Deleted previous job folder from /home/skushwaha/window_detection/DLG2_p2/Outputs/run1
Deleted previous training folder from /home/skushwaha/window_detection/DLG2_p2/Outputs/trained_model
Job folder created at: /home/skushwaha/window_detection/DLG2_p2/Outputs/run1
Trained model path created at: /home/skushwaha/window_detection/DLG2_p2/Outputs/trained_model
device cuda:0
dataset init
Epoch 1

 batch 0
 batch 1
 batch 2
 batch 3
 batch 4
 batch 5
 batch 6
 batch 7
 batch 8
 batch 9
 batch 10
 batch 11
 batch 12
 batch 13
 batch 14
 batch 15
 batch 16
 batch 17
 batch 18
 batch 19
 batch 20
 batch 21
 batch 22
 batch 23
 batch 24
 batch 25
 batch 26
 batch 27
 batch 28
 batch 29
 batch 30
 batch 31
 batch 32
 batch 33
 batch 34
 batch 35
 batch 36
 batch 37
 batch 38
 batch 39
 batch 40
 batch 41
 batch 42
 batch 43
 batch 44
 batch 45
 batch 46
 batch 47
 batch 48
 batch 49
 batch 50
 batch 51
 batch 52
 batch 53
 batch 54
 batch 55
 batch 56
 batch 57
 batch 58
 batch 59
 batch 60
 batch 61
 batch 62
 batch 63
 batch 64
 batch 65
 batch 66
 batch 67
 batch 68
 batch 69
 batch 70
 batch 71
 batch 72
 batch 73
 batch 74
 batch 75
 batch 76
 batch 77
 batch 78
 batch 79
 batch 80
 batch 81
 batch 82
 batch 83
 batch 84
 batch 85
 batch 86
 batch 87
 batch 88
 batch 89
 batch 90
 batch 91
 batch 92
 batch 93
 batch 94
 batch 95
 batch 96
 batch 97
 batch 98
 batch 99
 batch 100
 batch 101
 batch 102
 batch 103
 batch 104
 batch 105
 batch 106
 batch 107
 batch 108
 batch 109
 batch 110
 batch 111
 batch 112
 batch 113
 batch 114
 batch 115
 batch 116
 batch 117
 batch 118
 batch 119
 batch 120
 batch 121
 batch 122
 batch 123
 batch 124
 batch 125
 batch 126
 batch 127
 batch 128
 batch 129
 batch 130
 batch 131
 batch 132
 batch 133
 batch 134
 batch 135
 batch 136
 batch 137
 batch 138
 batch 139
 batch 140
 batch 141
 batch 142
 batch 143
 batch 144
 batch 145
 batch 146
 batch 147
 batch 148
 batch 149
 batch 150
 batch 151
 batch 152
 batch 153
 batch 154
 batch 155
 batch 156
 batch 157
 batch 158
 batch 159
 batch 160
 batch 161
 batch 162
 batch 163
 batch 164
 batch 165
 batch 166
 batch 167
 batch 168
 batch 169
 batch 170
 batch 171
 batch 172
 batch 173
 batch 174
 batch 175
 batch 176
 batch 177
 batch 178
 batch 179
 batch 180
 batch 181
 batch 182
 batch 183
 batch 184
 batch 185
 batch 186
 batch 187
 batch 188
 batch 189
 batch 190
 batch 191
 batch 192
 batch 193
 batch 194
 batch 195
 batch 196
 batch 197
 batch 198
 batch 199
 batch 200
 batch 201
 batch 202
 batch 203
 batch 204
 batch 205
 batch 206
 batch 207
 batch 208
 batch 209
 batch 210
 batch 211
 batch 212
 batch 213
 batch 214
 batch 215
 batch 216
 batch 217
 batch 218
 batch 219
 batch 220
 batch 221
 batch 222
 batch 223
 batch 224
 batch 225
 batch 226
 batch 227
 batch 228
 batch 229
 batch 230
 batch 231
 batch 232
 batch 233
 batch 234
 batch 235
 batch 236
 batch 237
 batch 238
 batch 239
 batch 240
 batch 241
 batch 242
 batch 243
 batch 244
 batch 245
 batch 246
 batch 247
 batch 248
 batch 249
 batch 250
 batch 251
 batch 252
 batch 253
 batch 254
 batch 255
 batch 256
 batch 257
 batch 258
 batch 259
 batch 260
 batch 261
 batch 262
 batch 263
 batch 264
 batch 265
 batch 266
 batch 267
 batch 268
 batch 269
 batch 270
 batch 271
 batch 272
 batch 273
 batch 274
 batch 275
 batch 276
 batch 277
 batch 278
 batch 279
 batch 280
 batch 281
 batch 282
 batch 283
 batch 284
 batch 285
 batch 286
 batch 287
 batch 288
 batch 289
 batch 290
 batch 291
 batch 292
 batch 293
 batch 294
 batch 295
 batch 296
 batch 297
 batch 298
 batch 299
 batch 300
 batch 301
 batch 302
 batch 303
 batch 304
 batch 305
 batch 306
 batch 307
 batch 308
 batch 309
 batch 310
 batch 311
 batch 312
 batch 313
 batch 314
 batch 315
 batch 316
 batch 317
 batch 318
 batch 319
 batch 320
 batch 321
 batch 322
 batch 323
 batch 324
 batch 325
 batch 326
 batch 327
 batch 328
 batch 329
 batch 330
 batch 331
 batch 332
 batch 333
 batch 334
 batch 335
 batch 336
 batch 337
 batch 338
 batch 339
 batch 340
 batch 341
 batch 342
 batch 343
 batch 344
 batch 345
 batch 346
 batch 347
 batch 348
 batch 349
 batch 350
 batch 351
 batch 352
 batch 353
 batch 354
 batch 355
 batch 356
 batch 357
 batch 358
 batch 359
 batch 360
 batch 361
 batch 362
 batch 363
 batch 364
 batch 365
 batch 366
 batch 367
 batch 368
 batch 369
 batch 370
 batch 371
 batch 372
 batch 373
 batch 374
 batch 375
 batch 376
 batch 377
 batch 378
 batch 379
 batch 380
 batch 381
 batch 382
 batch 383
 batch 384
 batch 385
 batch 386
 batch 387
 batch 388
 batch 389
 batch 390
 batch 391
 batch 392
 batch 393
 batch 394
 batch 395
 batch 396
 batch 397
 batch 398
 batch 399
 batch 400
 batch 401
 batch 402
 batch 403
 batch 404
 batch 405
 batch 406
 batch 407
 batch 408
 batch 409
 batch 410
 batch 411
 batch 412
 batch 413
 batch 414
 batch 415
 batch 416
 batch 417
 batch 418
 batch 419
 batch 420
 batch 421
 batch 422
 batch 423
 batch 424
 batch 425
 batch 426
 batch 427
 batch 428
 batch 429
 batch 430
 batch 431
 batch 432
 batch 433
 batch 434
 batch 435
 batch 436
 batch 437
 batch 438
 batch 439
 batch 440
 batch 441
 batch 442
 batch 443
 batch 444
 batch 445
 batch 446
 batch 447
 batch 448
 batch 449
 batch 450
 batch 451
 batch 452
 batch 453
 batch 454
 batch 455
 batch 456
 batch 457
 batch 458
 batch 459
 batch 460
 batch 461
 batch 462
 batch 463
 batch 464
 batch 465
 batch 466
 batch 467
 batch 468
 batch 469
 batch 470
 batch 471
 batch 472
 batch 473
 batch 474
 batch 475
 batch 476
 batch 477
 batch 478
 batch 479
 batch 480
 batch 481
 batch 482
 batch 483
 batch 484
 batch 485
 batch 486
 batch 487
 batch 488
 batch 489
 batch 490
 batch 491
 batch 492
 batch 493
 batch 494
 batch 495
 batch 496
 batch 497
 batch 498
 batch 499
 batch 500
 batch 501
 batch 502
 batch 503
 batch 504
 batch 505
 batch 506
 batch 507
 batch 508
 batch 509
 batch 510
 batch 511
 batch 512
 batch 513
 batch 514
 batch 515
 batch 516
 batch 517
 batch 518
 batch 519
 batch 520
 batch 521
 batch 522
 batch 523
 batch 524
 batch 525
 batch 526
 batch 527
 batch 528
 batch 529
 batch 530
 batch 531
 batch 532
 batch 533
 batch 534
 batch 535
 batch 536
 batch 537
 batch 538
 batch 539
 batch 540
 batch 541
 batch 542
 batch 543
 batch 544
 batch 545
 batch 546
 batch 547
 batch 548
 batch 549
 batch 550
 batch 551
 batch 552
 batch 553
 batch 554
 batch 555
 batch 556
 batch 557
 batch 558
 batch 559
 batch 560
 batch 561
 batch 562
 batch 563
 batch 564
 batch 565
 batch 566
 batch 567
 batch 568
 batch 569
 batch 570
 batch 571
 batch 572
 batch 573
 batch 574
 batch 575
 batch 576
 batch 577
 batch 578
 batch 579
 batch 580
 batch 581
 batch 582
 batch 583
 batch 584
 batch 585
 batch 586
 batch 587
 batch 588
 batch 589
 batch 590
 batch 591
 batch 592
 batch 593
 batch 594
 batch 595
 batch 596
 batch 597
 batch 598
 batch 599
 batch 600
 batch 601
 batch 602
 batch 603
 batch 604
 batch 605
 batch 606
 batch 607
 batch 608
 batch 609
 batch 610
 batch 611
 batch 612
 batch 613
 batch 614
 batch 615
 batch 616
 batch 617
 batch 618
 batch 619
 batch 620
 batch 621
 batch 622
 batch 623
 batch 624
 batch 625
 batch 626
 batch 627
 batch 628
 batch 629
 batch 630
 batch 631
 batch 632
 batch 633
 batch 634
 batch 635
 batch 636
 batch 637
 batch 638
 batch 639
 batch 640
 batch 641
 batch 642
 batch 643
 batch 644
 batch 645
 batch 646
 batch 647
 batch 648
 batch 649
 batch 650
 batch 651
 batch 652
 batch 653
 batch 654
 batch 655
 batch 656
 batch 657
 batch 658
 batch 659
 batch 660
 batch 661
 batch 662
 batch 663
 batch 664
 batch 665
 batch 666
 batch 667
 batch 668
 batch 669
 batch 670
 batch 671
 batch 672
 batch 673
 batch 674
 batch 675
 batch 676
 batch 677
 batch 678
 batch 679
 batch 680
 batch 681
 batch 682
 batch 683
 batch 684
 batch 685
 batch 686
 batch 687
 batch 688
 batch 689
 batch 690
 batch 691
 batch 692
 batch 693
 batch 694
 batch 695
 batch 696
 batch 697
 batch 698
 batch 699
 batch 700
 batch 701
 batch 702
 batch 703
 batch 704
 batch 705
 batch 706
 batch 707
 batch 708
 batch 709
 batch 710
 batch 711
 batch 712
 batch 713
 batch 714
 batch 715
 batch 716
 batch 717
 batch 718
 batch 719
 batch 720
 batch 721
 batch 722
 batch 723
 batch 724
 batch 725
 batch 726
 batch 727
 batch 728
 batch 729
 batch 730
 batch 731
 batch 732
 batch 733
 batch 734
 batch 735
 batch 736
 batch 737
 batch 738
 batch 739
 batch 740
 batch 741
 batch 742
 batch 743
 batch 744
 batch 745
 batch 746
 batch 747
 batch 748
 batch 749
 batch 750
 batch 751
 batch 752
 batch 753
 batch 754
 batch 755
 batch 756
 batch 757
 batch 758
 batch 759
 batch 760
 batch 761
 batch 762
 batch 763
 batch 764
 batch 765
 batch 766
 batch 767
 batch 768
 batch 769
 batch 770
 batch 771
 batch 772
 batch 773
 batch 774
 batch 775
 batch 776
 batch 777
 batch 778
 batch 779
 batch 780
 batch 781
 batch 782
 batch 783
 batch 784
 batch 785
 batch 786
 batch 787
 batch 788
 batch 789
 batch 790
 batch 791
 batch 792
 batch 793
 batch 794
 batch 795
 batch 796
 batch 797
 batch 798
 batch 799
 batch 800
 batch 801
 batch 802
 batch 803
 batch 804
 batch 805
 batch 806
 batch 807
 batch 808
 batch 809
 batch 810
 batch 811
 batch 812
 batch 813
 batch 814
 batch 815
 batch 816
 batch 817
 batch 818
 batch 819
 batch 820
 batch 821
 batch 822
 batch 823
 batch 824
 batch 825
 batch 826
 batch 827
 batch 828
 batch 829
 batch 830
 batch 831
 batch 832
 batch 833
 batch 834
 batch 835
 batch 836
 batch 837
 batch 838
 batch 839
 batch 840
 batch 841
 batch 842
 batch 843
 batch 844
 batch 845
 batch 846
 batch 847
 batch 848
 batch 849
 batch 850
 batch 851
 batch 852
 batch 853
 batch 854
 batch 855
 batch 856
 batch 857
 batch 858
 batch 859
 batch 860
 batch 861
 batch 862
 batch 863
 batch 864
 batch 865
 batch 866
 batch 867
 batch 868
 batch 869
 batch 870
 batch 871
 batch 872
 batch 873
 batch 874
 batch 875
 batch 876
 batch 877
 batch 878
 batch 879
 batch 880
 batch 881
 batch 882
 batch 883
 batch 884
 batch 885
 batch 886
 batch 887
 batch 888
 batch 889
 batch 890
 batch 891
 batch 892
 batch 893
 batch 894
 batch 895
 batch 896
 batch 897
 batch 898
 batch 899
 batch 900
 batch 901
 batch 902
 batch 903
 batch 904
 batch 905
 batch 906
 batch 907
 batch 908
 batch 909
 batch 910
 batch 911
 batch 912
 batch 913
 batch 914
 batch 915
 batch 916
 batch 917
 batch 918
 batch 919
 batch 920
 batch 921
 batch 922
 batch 923
 batch 924
 batch 925
 batch 926
 batch 927
 batch 928
 batch 929
 batch 930
 batch 931
 batch 932
 batch 933
 batch 934
 batch 935
 batch 936
 batch 937
 batch 938
 batch 939
 batch 940
 batch 941
 batch 942
 batch 943
 batch 944
 batch 945
 batch 946
 batch 947
 batch 948
 batch 949
 batch 950
 batch 951
 batch 952
 batch 953
 batch 954
 batch 955
 batch 956
 batch 957
 batch 958
 batch 959
 batch 960
 batch 961
 batch 962
 batch 963
 batch 964
 batch 965
 batch 966
 batch 967
 batch 968
 batch 969
 batch 970
 batch 971
 batch 972
 batch 973
 batch 974
 batch 975
 batch 976
 batch 977
 batch 978
 batch 979
 batch 980
 batch 981
 batch 982
 batch 983
 batch 984
 batch 985
 batch 986
 batch 987
 batch 988
 batch 989
 batch 990
 batch 991
 batch 992
 batch 993
 batch 994
 batch 995
 batch 996
 batch 997
 batch 998
 batch 999
 batch 1000
 batch 1001
 batch 1002
 batch 1003
 batch 1004
 batch 1005
 batch 1006
 batch 1007
 batch 1008
 batch 1009
 batch 1010
 batch 1011
 batch 1012
 batch 1013
 batch 1014
 batch 1015
 batch 1016
 batch 1017
 batch 1018
 batch 1019
 batch 1020
 batch 1021
 batch 1022
 batch 1023
 batch 1024
 batch 1025
 batch 1026
 batch 1027
 batch 1028
 batch 1029
 batch 1030
 batch 1031
 batch 1032
 batch 1033
 batch 1034
 batch 1035
 batch 1036
 batch 1037
 batch 1038
 batch 1039
 batch 1040
 batch 1041
 batch 1042
 batch 1043
 batch 1044
 batch 1045
 batch 1046
 batch 1047
 batch 1048
 batch 1049
 batch 1050
 batch 1051
 batch 1052
 batch 1053
 batch 1054
 batch 1055
 batch 1056
 batch 1057
 batch 1058
 batch 1059
 batch 1060
 batch 1061
 batch 1062
 batch 1063
 batch 1064
 batch 1065
 batch 1066
 batch 1067
 batch 1068
 batch 1069
 batch 1070
 batch 1071
 batch 1072
 batch 1073
 batch 1074
 batch 1075
 batch 1076
 batch 1077
 batch 1078
 batch 1079
 batch 1080
 batch 1081
 batch 1082
 batch 1083
 batch 1084
 batch 1085
 batch 1086
 batch 1087
 batch 1088
 batch 1089
 batch 1090
 batch 1091
 batch 1092
 batch 1093
 batch 1094
 batch 1095
 batch 1096
 batch 1097
 batch 1098
 batch 1099
 batch 1100
 batch 1101
 batch 1102
 batch 1103
 batch 1104
 batch 1105
 batch 1106
 batch 1107
 batch 1108
 batch 1109
 batch 1110
 batch 1111
 batch 1112
 batch 1113
 batch 1114
 batch 1115
 batch 1116
 batch 1117
 batch 1118
 batch 1119
 batch 1120
 batch 1121
 batch 1122
 batch 1123
 batch 1124
 batch 1125
 batch 1126
 batch 1127
 batch 1128
 batch 1129
 batch 1130
 batch 1131
 batch 1132
 batch 1133
 batch 1134
 batch 1135
 batch 1136
 batch 1137
 batch 1138
 batch 1139
 batch 1140
 batch 1141
 batch 1142
 batch 1143
 batch 1144
 batch 1145
 batch 1146
 batch 1147
 batch 1148
 batch 1149
 batch 1150
 batch 1151
 batch 1152
 batch 1153
 batch 1154
 batch 1155
 batch 1156
 batch 1157
 batch 1158
 batch 1159
 batch 1160
 batch 1161
 batch 1162
 batch 1163
 batch 1164
 batch 1165
 batch 1166
 batch 1167
 batch 1168
 batch 1169
 batch 1170
 batch 1171
 batch 1172
 batch 1173
 batch 1174
 batch 1175
 batch 1176
 batch 1177
 batch 1178
 batch 1179
 batch 1180
 batch 1181
 batch 1182
 batch 1183
 batch 1184
 batch 1185
 batch 1186
 batch 1187
 batch 1188
 batch 1189
 batch 1190
 batch 1191
 batch 1192
 batch 1193
 batch 1194
 batch 1195
 batch 1196
 batch 1197
 batch 1198
 batch 1199
 batch 1200
 batch 1201
 batch 1202
 batch 1203
 batch 1204
 batch 1205
 batch 1206
 batch 1207
 batch 1208
 batch 1209
 batch 1210
 batch 1211
 batch 1212
 batch 1213
 batch 1214
 batch 1215
 batch 1216
 batch 1217
 batch 1218
 batch 1219
 batch 1220
 batch 1221
 batch 1222
 batch 1223
 batch 1224
 batch 1225
 batch 1226
 batch 1227
 batch 1228
 batch 1229
 batch 1230
 batch 1231
 batch 1232
 batch 1233
 batch 1234
 batch 1235
 batch 1236
 batch 1237
 batch 1238
 batch 1239
 batch 1240
 batch 1241
 batch 1242
 batch 1243
 batch 1244
 batch 1245
 batch 1246
 batch 1247
 batch 1248
 batch 1249
 batch 1250
 batch 1251
 batch 1252
 batch 1253
 batch 1254
 batch 1255
 batch 1256
 batch 1257
 batch 1258
 batch 1259
 batch 1260
 batch 1261
 batch 1262
 batch 1263
 batch 1264
 batch 1265
 batch 1266
 batch 1267
 batch 1268
 batch 1269
 batch 1270
 batch 1271
 batch 1272
 batch 1273
 batch 1274
 batch 1275
 batch 1276
 batch 1277
 batch 1278
 batch 1279
 batch 1280
 batch 1281
 batch 1282
 batch 1283
 batch 1284
 batch 1285
 batch 1286
 batch 1287
 batch 1288
 batch 1289
 batch 1290
 batch 1291
 batch 1292
 batch 1293
 batch 1294
 batch 1295
 batch 1296
 batch 1297
 batch 1298
 batch 1299
 batch 1300
 batch 1301
 batch 1302
 batch 1303
 batch 1304
 batch 1305
 batch 1306
 batch 1307
 batch 1308
 batch 1309
 batch 1310
 batch 1311
 batch 1312
 batch 1313
 batch 1314
 batch 1315
 batch 1316
 batch 1317
 batch 1318
 batch 1319
 batch 1320
 batch 1321
 batch 1322
 batch 1323
 batch 1324
 batch 1325
 batch 1326
 batch 1327
 batch 1328
 batch 1329
 batch 1330
 batch 1331
 batch 1332
 batch 1333
 batch 1334
 batch 1335
 batch 1336
 batch 1337
 batch 1338
 batch 1339
 batch 1340
 batch 1341
 batch 1342
 batch 1343
 batch 1344
 batch 1345
 batch 1346
 batch 1347
 batch 1348
 batch 1349
 batch 1350
 batch 1351
 batch 1352
 batch 1353
 batch 1354
 batch 1355
 batch 1356
 batch 1357
 batch 1358
 batch 1359
 batch 1360
 batch 1361
 batch 1362
 batch 1363
 batch 1364
 batch 1365
 batch 1366
 batch 1367
 batch 1368
 batch 1369
 batch 1370
 batch 1371
 batch 1372
 batch 1373
 batch 1374
 batch 1375
 batch 1376
 batch 1377
 batch 1378
 batch 1379
 batch 1380
 batch 1381
 batch 1382
 batch 1383
 batch 1384
 batch 1385
 batch 1386
 batch 1387
 batch 1388
 batch 1389
 batch 1390
 batch 1391
 batch 1392
 batch 1393
 batch 1394
 batch 1395
 batch 1396
 batch 1397
 batch 1398
 batch 1399
 batch 1400
 batch 1401
 batch 1402
 batch 1403
 batch 1404
 batch 1405
 batch 1406
 batch 1407
 batch 1408
 batch 1409
 batch 1410
 batch 1411
 batch 1412
 batch 1413
 batch 1414
 batch 1415
 batch 1416
 batch 1417
 batch 1418
 batch 1419
 batch 1420
 batch 1421
 batch 1422
 batch 1423
 batch 1424
 batch 1425
 batch 1426
 batch 1427
 batch 1428
 batch 1429
 batch 1430
 batch 1431
 batch 1432
 batch 1433
 batch 1434
 batch 1435
 batch 1436
 batch 1437
 batch 1438
 batch 1439
 batch 1440
 batch 1441
 batch 1442
 batch 1443
 batch 1444
 batch 1445
 batch 1446
 batch 1447
 batch 1448
 batch 1449
 batch 1450
 batch 1451
 batch 1452
 batch 1453
 batch 1454
 batch 1455
 batch 1456
 batch 1457
 batch 1458
 batch 1459
 batch 1460
 batch 1461
 batch 1462
 batch 1463
 batch 1464
 batch 1465
 batch 1466
 batch 1467
 batch 1468
 batch 1469
 batch 1470
 batch 1471
 batch 1472
 batch 1473
 batch 1474
 batch 1475
 batch 1476
 batch 1477
 batch 1478
 batch 1479
 batch 1480
 batch 1481
 batch 1482
 batch 1483
 batch 1484
 batch 1485
 batch 1486
 batch 1487
 batch 1488
 batch 1489
 batch 1490
 batch 1491
 batch 1492
 batch 1493
 batch 1494
 batch 1495
 batch 1496
 batch 1497
 batch 1498
 batch 1499
 batch 1500
 batch 1501
 batch 1502
 batch 1503
 batch 1504
 batch 1505
 batch 1506
 batch 1507
 batch 1508
 batch 1509
 batch 1510
 batch 1511
 batch 1512
 batch 1513
 batch 1514
 batch 1515
 batch 1516
 batch 1517
 batch 1518
 batch 1519
 batch 1520
 batch 1521
 batch 1522
 batch 1523
 batch 1524
 batch 1525
 batch 1526
 batch 1527
 batch 1528
 batch 1529
 batch 1530
 batch 1531
 batch 1532
 batch 1533
 batch 1534
 batch 1535
 batch 1536
 batch 1537
 batch 1538
 batch 1539
 batch 1540
 batch 1541
 batch 1542
 batch 1543
 batch 1544
 batch 1545
 batch 1546
 batch 1547
 batch 1548
 batch 1549
 batch 1550
 batch 1551
 batch 1552
 batch 1553
 batch 1554
 batch 1555
 batch 1556
 batch 1557
 batch 1558
 batch 1559
 batch 1560
 batch 1561
 batch 1562
 batch 1563
 batch 1564
 batch 1565
 batch 1566
 batch 1567
 batch 1568
 batch 1569
 batch 1570
 batch 1571
 batch 1572
 batch 1573
 batch 1574
 batch 1575
 batch 1576
 batch 1577
 batch 1578
 batch 1579
 batch 1580
 batch 1581
 batch 1582
 batch 1583
 batch 1584
 batch 1585
 batch 1586
 batch 1587
 batch 1588
 batch 1589
 batch 1590
 batch 1591
 batch 1592
 batch 1593
 batch 1594
 batch 1595
 batch 1596
 batch 1597
 batch 1598
 batch 1599
 batch 1600
 batch 1601
 batch 1602
 batch 1603
 batch 1604
 batch 1605
 batch 1606
 batch 1607
 batch 1608
 batch 1609
 batch 1610
 batch 1611
 batch 1612
 batch 1613
 batch 1614
 batch 1615
 batch 1616
 batch 1617
 batch 1618
 batch 1619
 batch 1620
 batch 1621
 batch 1622
 batch 1623
 batch 1624
 batch 1625
 batch 1626
 batch 1627
 batch 1628
 batch 1629
 batch 1630
 batch 1631
 batch 1632
 batch 1633
 batch 1634
 batch 1635
 batch 1636
 batch 1637
 batch 1638
 batch 1639
 batch 1640
 batch 1641
 batch 1642
 batch 1643
 batch 1644
 batch 1645
 batch 1646
 batch 1647
 batch 1648
 batch 1649
 batch 1650
 batch 1651
 batch 1652
 batch 1653
 batch 1654
 batch 1655
 batch 1656
 batch 1657
 batch 1658
 batch 1659
 batch 1660
 batch 1661
 batch 1662
 batch 1663
 batch 1664
 batch 1665
 batch 1666
 batch 1667
 batch 1668
 batch 1669
 batch 1670
 batch 1671
 batch 1672
 batch 1673
 batch 1674
 batch 1675
 batch 1676
 batch 1677
 batch 1678
 batch 1679
 batch 1680
 batch 1681
 batch 1682
 batch 1683
 batch 1684
 batch 1685
 batch 1686
 batch 1687
 batch 1688
 batch 1689
 batch 1690
 batch 1691
 batch 1692
 batch 1693
 batch 1694
 batch 1695
 batch 1696
 batch 1697
 batch 1698
 batch 1699
 batch 1700
 batch 1701
 batch 1702
 batch 1703
 batch 1704
 batch 1705
 batch 1706
 batch 1707
 batch 1708
 batch 1709
 batch 1710
 batch 1711
 batch 1712
 batch 1713
 batch 1714
 batch 1715
 batch 1716
 batch 1717
 batch 1718
 batch 1719
 batch 1720
 batch 1721
 batch 1722
 batch 1723
 batch 1724
 batch 1725
 batch 1726
 batch 1727
 batch 1728
 batch 1729
 batch 1730
 batch 1731
 batch 1732
 batch 1733
 batch 1734
 batch 1735
 batch 1736
 batch 1737
 batch 1738
 batch 1739
 batch 1740
 batch 1741
 batch 1742
 batch 1743
 batch 1744
 batch 1745
 batch 1746
 batch 1747
 batch 1748
 batch 1749
 batch 1750
 batch 1751
 batch 1752
 batch 1753
 batch 1754
 batch 1755
 batch 1756
 batch 1757
 batch 1758
 batch 1759
 batch 1760
 batch 1761
 batch 1762
 batch 1763
 batch 1764
 batch 1765
 batch 1766
 batch 1767
 batch 1768
 batch 1769
 batch 1770
 batch 1771
 batch 1772
 batch 1773
 batch 1774
 batch 1775
 batch 1776
 batch 1777
 batch 1778
 batch 1779
 batch 1780
 batch 1781
 batch 1782
 batch 1783
 batch 1784
 batch 1785
 batch 1786
 batch 1787
 batch 1788
 batch 1789
 batch 1790
 batch 1791
 batch 1792
 batch 1793
 batch 1794
 batch 1795
 batch 1796
 batch 1797
 batch 1798
 batch 1799
 batch 1800
 batch 1801
 batch 1802
 batch 1803
 batch 1804
 batch 1805
 batch 1806
 batch 1807
 batch 1808
 batch 1809
 batch 1810
 batch 1811
 batch 1812
 batch 1813
 batch 1814
 batch 1815
 batch 1816
 batch 1817
 batch 1818
 batch 1819
 batch 1820
 batch 1821
 batch 1822
 batch 1823
 batch 1824
 batch 1825
 batch 1826
 batch 1827
 batch 1828
 batch 1829
 batch 1830
 batch 1831
 batch 1832
 batch 1833
 batch 1834
 batch 1835
 batch 1836
 batch 1837
 batch 1838
 batch 1839
 batch 1840
 batch 1841
 batch 1842
 batch 1843
 batch 1844
 batch 1845
 batch 1846
 batch 1847
 batch 1848
 batch 1849
 batch 1850
 batch 1851
 batch 1852
 batch 1853
 batch 1854
 batch 1855
 batch 1856
 batch 1857
 batch 1858
 batch 1859
 batch 1860
 batch 1861
 batch 1862
 batch 1863
 batch 1864
 batch 1865
 batch 1866
 batch 1867
 batch 1868
 batch 1869
 batch 1870
 batch 1871
 batch 1872
 batch 1873
 batch 1874
 batch 1875
 batch 1876
 batch 1877
 batch 1878
 batch 1879
 batch 1880
 batch 1881
 batch 1882
 batch 1883
 batch 1884
 batch 1885
 batch 1886
 batch 1887
 batch 1888
 batch 1889
 batch 1890
 batch 1891
 batch 1892
 batch 1893
 batch 1894
 batch 1895
 batch 1896
 batch 1897
 batch 1898
 batch 1899
 batch 1900
 batch 1901
 batch 1902
 batch 1903
 batch 1904
 batch 1905
 batch 1906
 batch 1907
 batch 1908
 batch 1909
 batch 1910
 batch 1911
 batch 1912
 batch 1913
 batch 1914
 batch 1915
 batch 1916
 batch 1917
 batch 1918
 batch 1919
 batch 1920
 batch 1921
 batch 1922
 batch 1923
 batch 1924
 batch 1925
 batch 1926
 batch 1927
 batch 1928
 batch 1929
 batch 1930
 batch 1931
 batch 1932
 batch 1933
 batch 1934
 batch 1935
 batch 1936
 batch 1937
 batch 1938
 batch 1939
 batch 1940
 batch 1941
 batch 1942
 batch 1943
 batch 1944
 batch 1945
 batch 1946
 batch 1947
 batch 1948
 batch 1949
 batch 1950
 batch 1951
 batch 1952
 batch 1953
 batch 1954
 batch 1955
 batch 1956
 batch 1957
 batch 1958
 batch 1959
 batch 1960
 batch 1961
 batch 1962
 batch 1963
 batch 1964
 batch 1965
 batch 1966
 batch 1967
 batch 1968
 batch 1969
 batch 1970
 batch 1971
 batch 1972
 batch 1973
 batch 1974
 batch 1975
 batch 1976
 batch 1977
 batch 1978
 batch 1979
 batch 1980
 batch 1981
 batch 1982
 batch 1983
 batch 1984
 batch 1985
 batch 1986
 batch 1987
 batch 1988
 batch 1989
 batch 1990
 batch 1991
 batch 1992
 batch 1993
 batch 1994
 batch 1995
 batch 1996
 batch 1997
 batch 1998
 batch 1999
 batch 2000
 batch 2001
 batch 2002
 batch 2003
 batch 2004
 batch 2005
 batch 2006
 batch 2007
 batch 2008
 batch 2009
 batch 2010
 batch 2011
 batch 2012
 batch 2013
 batch 2014
 batch 2015
 batch 2016
 batch 2017
 batch 2018
 batch 2019
 batch 2020
 batch 2021
 batch 2022
 batch 2023
 batch 2024
 batch 2025
 batch 2026
 batch 2027
 batch 2028
 batch 2029
 batch 2030
 batch 2031
 batch 2032
 batch 2033
 batch 2034
 batch 2035
 batch 2036
 batch 2037
 batch 2038
 batch 2039
 batch 2040
 batch 2041
 batch 2042
 batch 2043
 batch 2044
 batch 2045
 batch 2046
 batch 2047
 batch 2048
 batch 2049
 batch 2050
 batch 2051
 batch 2052
 batch 2053
 batch 2054
 batch 2055
 batch 2056
 batch 2057
 batch 2058
 batch 2059
 batch 2060
 batch 2061
 batch 2062
 batch 2063
 batch 2064
 batch 2065
 batch 2066
 batch 2067
 batch 2068
 batch 2069
 batch 2070
 batch 2071
 batch 2072
 batch 2073
 batch 2074
 batch 2075
 batch 2076
 batch 2077
 batch 2078
 batch 2079
 batch 2080
 batch 2081
 batch 2082
 batch 2083
 batch 2084
 batch 2085
 batch 2086
 batch 2087
 batch 2088
 batch 2089
 batch 2090
 batch 2091
 batch 2092
 batch 2093
 batch 2094
 batch 2095
 batch 2096
 batch 2097
 batch 2098
 batch 2099
 batch 2100
 batch 2101
 batch 2102
 batch 2103
 batch 2104
 batch 2105
 batch 2106
 batch 2107
 batch 2108
 batch 2109
 batch 2110
 batch 2111
 batch 2112
 batch 2113
 batch 2114
 batch 2115
 batch 2116
 batch 2117
 batch 2118
 batch 2119
 batch 2120
 batch 2121
 batch 2122
 batch 2123
 batch 2124
 batch 2125
 batch 2126
 batch 2127
 batch 2128
 batch 2129
 batch 2130
 batch 2131
 batch 2132
 batch 2133
 batch 2134
 batch 2135
 batch 2136
 batch 2137
 batch 2138
 batch 2139
 batch 2140
 batch 2141
 batch 2142
 batch 2143
 batch 2144
 batch 2145
 batch 2146
 batch 2147
 batch 2148
 batch 2149
 batch 2150
 batch 2151
 batch 2152
 batch 2153
 batch 2154
 batch 2155
 batch 2156
 batch 2157
 batch 2158
 batch 2159
 batch 2160
 batch 2161
 batch 2162
 batch 2163
 batch 2164
 batch 2165
 batch 2166
 batch 2167
 batch 2168
 batch 2169
 batch 2170
 batch 2171
 batch 2172
 batch 2173
 batch 2174
 batch 2175
 batch 2176
 batch 2177
 batch 2178
 batch 2179
 batch 2180
 batch 2181
 batch 2182
 batch 2183
 batch 2184
 batch 2185
 batch 2186
 batch 2187
 batch 2188
 batch 2189
 batch 2190
 batch 2191
 batch 2192
 batch 2193
 batch 2194
 batch 2195
 batch 2196
 batch 2197
 batch 2198
 batch 2199
 batch 2200
 batch 2201
 batch 2202
 batch 2203
 batch 2204
 batch 2205
 batch 2206
 batch 2207
 batch 2208
 batch 2209
 batch 2210
 batch 2211
 batch 2212
 batch 2213
 batch 2214
 batch 2215
 batch 2216
 batch 2217
 batch 2218
 batch 2219
 batch 2220
 batch 2221
 batch 2222
 batch 2223
 batch 2224
 batch 2225
 batch 2226
 batch 2227
 batch 2228
 batch 2229
 batch 2230
 batch 2231
 batch 2232
 batch 2233
 batch 2234
 batch 2235
 batch 2236
 batch 2237
 batch 2238
 batch 2239
 batch 2240
 batch 2241
 batch 2242
 batch 2243
 batch 2244
 batch 2245
 batch 2246
 batch 2247
 batch 2248
 batch 2249
 batch 2250
 batch 2251
 batch 2252
 batch 2253
 batch 2254
 batch 2255
 batch 2256
 batch 2257
 batch 2258
 batch 2259
 batch 2260
 batch 2261
 batch 2262
 batch 2263
 batch 2264
 batch 2265
 batch 2266
 batch 2267
 batch 2268
 batch 2269
 batch 2270
 batch 2271
 batch 2272
 batch 2273
 batch 2274
 batch 2275
 batch 2276
 batch 2277
 batch 2278
 batch 2279
 batch 2280
 batch 2281
 batch 2282
 batch 2283
 batch 2284
 batch 2285
 batch 2286
 batch 2287
 batch 2288
 batch 2289
 batch 2290
 batch 2291
 batch 2292
 batch 2293
 batch 2294
 batch 2295
 batch 2296
 batch 2297
 batch 2298
 batch 2299
 batch 2300
 batch 2301
 batch 2302
 batch 2303
 batch 2304
 batch 2305
 batch 2306
 batch 2307
 batch 2308
 batch 2309
 batch 2310
 batch 2311
 batch 2312
 batch 2313
 batch 2314
 batch 2315
 batch 2316
 batch 2317
 batch 2318
 batch 2319
 batch 2320
 batch 2321
 batch 2322
 batch 2323
 batch 2324
 batch 2325
 batch 2326
 batch 2327
 batch 2328
 batch 2329
 batch 2330
 batch 2331
 batch 2332
 batch 2333
 batch 2334
 batch 2335
 batch 2336
 batch 2337
 batch 2338
 batch 2339
 batch 2340
 batch 2341
 batch 2342
 batch 2343
 batch 2344
 batch 2345
 batch 2346
 batch 2347
 batch 2348
 batch 2349
 batch 2350
 batch 2351
 batch 2352
 batch 2353
 batch 2354
 batch 2355
 batch 2356
 batch 2357
 batch 2358
 batch 2359
 batch 2360
 batch 2361
 batch 2362
 batch 2363
 batch 2364
 batch 2365
 batch 2366
 batch 2367
 batch 2368
 batch 2369
 batch 2370
 batch 2371
 batch 2372
 batch 2373
 batch 2374
 batch 2375
 batch 2376
 batch 2377
 batch 2378
 batch 2379
 batch 2380
 batch 2381
 batch 2382
 batch 2383
 batch 2384
 batch 2385
 batch 2386
 batch 2387
 batch 2388
 batch 2389
 batch 2390
 batch 2391
 batch 2392
 batch 2393
 batch 2394
 batch 2395
 batch 2396
 batch 2397
 batch 2398
 batch 2399
 batch 2400
 batch 2401
 batch 2402
 batch 2403
 batch 2404
 batch 2405
 batch 2406
 batch 2407
 batch 2408
 batch 2409
 batch 2410
 batch 2411
 batch 2412
 batch 2413
 batch 2414
 batch 2415
 batch 2416
 batch 2417
 batch 2418
 batch 2419
 batch 2420
 batch 2421
 batch 2422
 batch 2423
 batch 2424
 batch 2425
 batch 2426
 batch 2427
 batch 2428
 batch 2429
 batch 2430
 batch 2431
 batch 2432
 batch 2433
 batch 2434
 batch 2435
 batch 2436
 batch 2437
 batch 2438
 batch 2439
 batch 2440
 batch 2441
 batch 2442
 batch 2443
 batch 2444
 batch 2445
 batch 2446
 batch 2447
 batch 2448
 batch 2449
 batch 2450
 batch 2451
 batch 2452
 batch 2453
 batch 2454
 batch 2455
 batch 2456
 batch 2457
 batch 2458
 batch 2459
 batch 2460
 batch 2461
 batch 2462
 batch 2463
 batch 2464
 batch 2465
 batch 2466
 batch 2467
 batch 2468
 batch 2469
 batch 2470
 batch 2471
 batch 2472
 batch 2473
 batch 2474
 batch 2475
 batch 2476
 batch 2477
 batch 2478
 batch 2479
 batch 2480
 batch 2481
 batch 2482
 batch 2483
 batch 2484
 batch 2485
 batch 2486
 batch 2487
 batch 2488
 batch 2489
 batch 2490
 batch 2491
 batch 2492
 batch 2493
 batch 2494
 batch 2495
 batch 2496
 batch 2497
 batch 2498
 batch 2499
 batch 2500
 batch 2501
 batch 2502
 batch 2503
 batch 2504
 batch 2505
 batch 2506
 batch 2507
 batch 2508
 batch 2509
 batch 2510
 batch 2511
 batch 2512
 batch 2513
 batch 2514
 batch 2515
 batch 2516
 batch 2517
 batch 2518
 batch 2519
 batch 2520
 batch 2521
 batch 2522
 batch 2523
 batch 2524
 batch 2525
 batch 2526
 batch 2527
 batch 2528
 batch 2529
 batch 2530
 batch 2531
 batch 2532
 batch 2533
 batch 2534
 batch 2535
 batch 2536
 batch 2537
 batch 2538
 batch 2539
 batch 2540
 batch 2541
 batch 2542
 batch 2543
 batch 2544
 batch 2545
 batch 2546
 batch 2547
 batch 2548
 batch 2549
 batch 2550
 batch 2551
 batch 2552
 batch 2553
 batch 2554
 batch 2555
 batch 2556
 batch 2557
 batch 2558
 batch 2559
 batch 2560
 batch 2561
 batch 2562
 batch 2563
 batch 2564
 batch 2565
 batch 2566
 batch 2567
 batch 2568
 batch 2569
 batch 2570
 batch 2571
 batch 2572
 batch 2573
 batch 2574
 batch 2575
 batch 2576
 batch 2577
 batch 2578
 batch 2579
 batch 2580
 batch 2581
 batch 2582
 batch 2583
 batch 2584
 batch 2585
 batch 2586
 batch 2587
 batch 2588
 batch 2589
 batch 2590
 batch 2591
 batch 2592
 batch 2593
 batch 2594
 batch 2595
 batch 2596
 batch 2597
 batch 2598
 batch 2599
 batch 2600
 batch 2601
 batch 2602
 batch 2603
 batch 2604
 batch 2605
 batch 2606
 batch 2607
 batch 2608
 batch 2609
 batch 2610
 batch 2611
 batch 2612
 batch 2613
 batch 2614
 batch 2615
 batch 2616
 batch 2617
 batch 2618
 batch 2619
 batch 2620
 batch 2621
 batch 2622
 batch 2623
 batch 2624
 batch 2625
 batch 2626
 batch 2627
 batch 2628
 batch 2629
 batch 2630
 batch 2631
 batch 2632
 batch 2633
 batch 2634
 batch 2635
 batch 2636
 batch 2637
 batch 2638
 batch 2639
 batch 2640
 batch 2641
 batch 2642
 batch 2643
 batch 2644
 batch 2645
 batch 2646
 batch 2647
 batch 2648
 batch 2649
 batch 2650
 batch 2651
 batch 2652
 batch 2653
 batch 2654
 batch 2655
 batch 2656
 batch 2657
 batch 2658
 batch 2659
 batch 2660
 batch 2661
 batch 2662
 batch 2663
 batch 2664
 batch 2665
 batch 2666
 batch 2667
 batch 2668
 batch 2669
 batch 2670
 batch 2671
 batch 2672
 batch 2673
 batch 2674
 batch 2675
 batch 2676
 batch 2677
 batch 2678
 batch 2679
 batch 2680
 batch 2681
 batch 2682
 batch 2683
 batch 2684
 batch 2685
 batch 2686
 batch 2687
 batch 2688
 batch 2689
 batch 2690
 batch 2691
 batch 2692
 batch 2693
 batch 2694
 batch 2695
 batch 2696
 batch 2697
 batch 2698
 batch 2699
 batch 2700
 batch 2701
 batch 2702
 batch 2703
 batch 2704
 batch 2705
 batch 2706
 batch 2707
 batch 2708
 batch 2709
 batch 2710
 batch 2711
 batch 2712
 batch 2713
 batch 2714
 batch 2715
 batch 2716
 batch 2717
 batch 2718
 batch 2719
 batch 2720
 batch 2721
 batch 2722
 batch 2723
 batch 2724
 batch 2725
 batch 2726
 batch 2727
 batch 2728
 batch 2729
 batch 2730
 batch 2731
 batch 2732
 batch 2733
 batch 2734
 batch 2735
 batch 2736
 batch 2737
 batch 2738
 batch 2739
 batch 2740
 batch 2741
 batch 2742
 batch 2743
 batch 2744
 batch 2745
 batch 2746
 batch 2747
 batch 2748
 batch 2749
 batch 2750
 batch 2751
 batch 2752
 batch 2753
 batch 2754
 batch 2755
 batch 2756
 batch 2757
 batch 2758
 batch 2759
 batch 2760
 batch 2761
 batch 2762
 batch 2763
 batch 2764
 batch 2765
 batch 2766
 batch 2767
 batch 2768
 batch 2769
 batch 2770
 batch 2771
 batch 2772
 batch 2773
 batch 2774
 batch 2775
 batch 2776
 batch 2777
 batch 2778
 batch 2779
 batch 2780
 batch 2781
 batch 2782
 batch 2783
 batch 2784
 batch 2785
 batch 2786
 batch 2787
 batch 2788
 batch 2789
 batch 2790
 batch 2791
 batch 2792
 batch 2793
 batch 2794
 batch 2795
 batch 2796
 batch 2797
 batch 2798
 batch 2799
 batch 2800
 batch 2801
 batch 2802
 batch 2803
 batch 2804
 batch 2805
 batch 2806
 batch 2807
 batch 2808
 batch 2809
 batch 2810
 batch 2811
 batch 2812
 batch 2813
 batch 2814
 batch 2815
 batch 2816
 batch 2817
 batch 2818
 batch 2819
 batch 2820
 batch 2821
 batch 2822
 batch 2823
 batch 2824
 batch 2825
 batch 2826
 batch 2827
 batch 2828
 batch 2829
 batch 2830
 batch 2831
 batch 2832
 batch 2833
 batch 2834
 batch 2835
 batch 2836
 batch 2837
 batch 2838
 batch 2839
 batch 2840
 batch 2841
 batch 2842
 batch 2843
 batch 2844
 batch 2845
 batch 2846
 batch 2847
 batch 2848
 batch 2849
 batch 2850
 batch 2851
 batch 2852
 batch 2853
 batch 2854
 batch 2855
 batch 2856
 batch 2857
 batch 2858
 batch 2859
 batch 2860
 batch 2861
 batch 2862
 batch 2863
 batch 2864
 batch 2865
 batch 2866
 batch 2867
 batch 2868
 batch 2869
 batch 2870
 batch 2871
 batch 2872
 batch 2873
 batch 2874
 batch 2875
 batch 2876
 batch 2877
 batch 2878
 batch 2879
 batch 2880
 batch 2881
 batch 2882
 batch 2883
 batch 2884
 batch 2885
 batch 2886
 batch 2887
 batch 2888
 batch 2889
 batch 2890
 batch 2891
 batch 2892
 batch 2893
 batch 2894
 batch 2895
 batch 2896
 batch 2897
 batch 2898
 batch 2899
 batch 2900
 batch 2901
 batch 2902
 batch 2903
 batch 2904
 batch 2905
 batch 2906
 batch 2907
 batch 2908
 batch 2909
 batch 2910
 batch 2911
 batch 2912
 batch 2913
 batch 2914
 batch 2915
 batch 2916
 batch 2917
 batch 2918
 batch 2919
 batch 2920
 batch 2921
 batch 2922
 batch 2923
 batch 2924
 batch 2925
 batch 2926
 batch 2927
 batch 2928
 batch 2929
 batch 2930
 batch 2931
 batch 2932
 batch 2933
 batch 2934
 batch 2935
 batch 2936
 batch 2937
 batch 2938
 batch 2939
 batch 2940
 batch 2941
 batch 2942
 batch 2943
 batch 2944
 batch 2945
 batch 2946
 batch 2947
 batch 2948
 batch 2949
 batch 2950
 batch 2951
 batch 2952
 batch 2953
 batch 2954
 batch 2955
 batch 2956
 batch 2957
 batch 2958
 batch 2959
 batch 2960
 batch 2961
 batch 2962
 batch 2963
 batch 2964
 batch 2965
 batch 2966
 batch 2967
 batch 2968
 batch 2969
 batch 2970
 batch 2971
 batch 2972
 batch 2973
 batch 2974
 batch 2975
 batch 2976
 batch 2977
 batch 2978
 batch 2979
 batch 2980
 batch 2981
 batch 2982
 batch 2983
 batch 2984
 batch 2985
 batch 2986
 batch 2987
 batch 2988
 batch 2989
 batch 2990
 batch 2991
 batch 2992
 batch 2993
 batch 2994
 batch 2995
 batch 2996
 batch 2997
 batch 2998
 batch 2999
 batch 3000
 batch 3001
 batch 3002
 batch 3003
 batch 3004
 batch 3005
 batch 3006
 batch 3007
 batch 3008
 batch 3009
 batch 3010
 batch 3011
 batch 3012
 batch 3013
 batch 3014
 batch 3015
 batch 3016
 batch 3017
 batch 3018
 batch 3019
 batch 3020
 batch 3021
 batch 3022
 batch 3023
 batch 3024
 batch 3025
 batch 3026
 batch 3027
 batch 3028
 batch 3029
 batch 3030
 batch 3031
 batch 3032
 batch 3033
 batch 3034
 batch 3035
 batch 3036
 batch 3037
 batch 3038
 batch 3039
 batch 3040
 batch 3041
 batch 3042
 batch 3043
 batch 3044
 batch 3045
 batch 3046
 batch 3047
 batch 3048
 batch 3049
 batch 3050
 batch 3051
 batch 3052
 batch 3053
 batch 3054
 batch 3055
 batch 3056
 batch 3057
 batch 3058
 batch 3059
 batch 3060
 batch 3061
 batch 3062
 batch 3063
 batch 3064
 batch 3065
 batch 3066
 batch 3067
 batch 3068
 batch 3069
 batch 3070
 batch 3071
 batch 3072
 batch 3073
 batch 3074
 batch 3075
 batch 3076
 batch 3077
 batch 3078
 batch 3079
 batch 3080
 batch 3081
 batch 3082
 batch 3083
 batch 3084
 batch 3085
 batch 3086
 batch 3087
 batch 3088
 batch 3089
 batch 3090
 batch 3091
 batch 3092
 batch 3093
 batch 3094
 batch 3095
 batch 3096
 batch 3097
 batch 3098
 batch 3099
 batch 3100
 batch 3101
 batch 3102
 batch 3103
 batch 3104
 batch 3105
 batch 3106
 batch 3107
 batch 3108
 batch 3109
 batch 3110
 batch 3111
 batch 3112
 batch 3113
 batch 3114
 batch 3115
 batch 3116
 batch 3117
 batch 3118
 batch 3119
 batch 3120
 batch 3121
 batch 3122
 batch 3123
 batch 3124
 batch 3125
 batch 3126
 batch 3127
 batch 3128
 batch 3129
 batch 3130
 batch 3131
 batch 3132
 batch 3133
 batch 3134
 batch 3135
 batch 3136
 batch 3137
 batch 3138
 batch 3139
 batch 3140
 batch 3141
 batch 3142
 batch 3143
 batch 3144
 batch 3145
 batch 3146
 batch 3147
 batch 3148
 batch 3149
 batch 3150
 batch 3151
 batch 3152
 batch 3153
 batch 3154
 batch 3155
 batch 3156
 batch 3157
 batch 3158
 batch 3159
 batch 3160
 batch 3161
 batch 3162
 batch 3163
 batch 3164
 batch 3165
 batch 3166
 batch 3167
 batch 3168
 batch 3169
 batch 3170
 batch 3171
 batch 3172
 batch 3173
 batch 3174
 batch 3175
 batch 3176
 batch 3177
 batch 3178
 batch 3179
 batch 3180
 batch 3181
 batch 3182
 batch 3183
 batch 3184
 batch 3185
 batch 3186
 batch 3187
 batch 3188
 batch 3189
 batch 3190
 batch 3191
 batch 3192
 batch 3193
 batch 3194
 batch 3195
 batch 3196
 batch 3197
 batch 3198
 batch 3199
 batch 3200
 batch 3201
 batch 3202
 batch 3203
 batch 3204
 batch 3205
 batch 3206
 batch 3207
 batch 3208
 batch 3209
 batch 3210
 batch 3211
 batch 3212
 batch 3213
 batch 3214
 batch 3215
 batch 3216
 batch 3217
 batch 3218
 batch 3219
 batch 3220
 batch 3221
 batch 3222
 batch 3223
 batch 3224
 batch 3225
 batch 3226
 batch 3227
 batch 3228
 batch 3229
 batch 3230
 batch 3231
 batch 3232
 batch 3233
 batch 3234
 batch 3235
 batch 3236
 batch 3237
 batch 3238
 batch 3239
 batch 3240
 batch 3241
 batch 3242
 batch 3243
 batch 3244
 batch 3245
 batch 3246
 batch 3247
 batch 3248
 batch 3249
 batch 3250
 batch 3251
 batch 3252
 batch 3253
 batch 3254
 batch 3255
 batch 3256
 batch 3257
 batch 3258
 batch 3259
 batch 3260
 batch 3261
 batch 3262
 batch 3263
 batch 3264
 batch 3265
 batch 3266
 batch 3267
 batch 3268
 batch 3269
 batch 3270
 batch 3271
 batch 3272
 batch 3273
 batch 3274
 batch 3275
 batch 3276
 batch 3277
 batch 3278
 batch 3279
 batch 3280
 batch 3281
 batch 3282
 batch 3283
 batch 3284
 batch 3285
 batch 3286
 batch 3287
 batch 3288
 batch 3289
 batch 3290
 batch 3291
 batch 3292
 batch 3293
 batch 3294
 batch 3295
 batch 3296
 batch 3297
 batch 3298
 batch 3299
 batch 3300
 batch 3301
 batch 3302
 batch 3303
 batch 3304
 batch 3305
 batch 3306
 batch 3307
 batch 3308
 batch 3309
 batch 3310
 batch 3311
 batch 3312
 batch 3313
 batch 3314
 batch 3315
 batch 3316
 batch 3317
 batch 3318
 batch 3319
 batch 3320
 batch 3321
 batch 3322
 batch 3323
 batch 3324
 batch 3325
 batch 3326
 batch 3327
 batch 3328
 batch 3329
 batch 3330
 batch 3331
 batch 3332
 batch 3333
 batch 3334
 batch 3335
 batch 3336
 batch 3337
 batch 3338
 batch 3339
 batch 3340
 batch 3341
 batch 3342
 batch 3343
 batch 3344
 batch 3345
 batch 3346
 batch 3347
 batch 3348
 batch 3349
 batch 3350
 batch 3351
 batch 3352
 batch 3353
 batch 3354
 batch 3355
 batch 3356
 batch 3357
 batch 3358
 batch 3359
 batch 3360
 batch 3361
 batch 3362
 batch 3363
 batch 3364
 batch 3365
 batch 3366
 batch 3367
 batch 3368
 batch 3369
 batch 3370
 batch 3371
 batch 3372
 batch 3373
 batch 3374
 batch 3375
 batch 3376
 batch 3377
 batch 3378
 batch 3379
 batch 3380
 batch 3381
 batch 3382
 batch 3383
 batch 3384
 batch 3385
 batch 3386
 batch 3387
 batch 3388
 batch 3389
 batch 3390
 batch 3391
 batch 3392
 batch 3393
 batch 3394
 batch 3395
 batch 3396
 batch 3397
 batch 3398
 batch 3399
 batch 3400
 batch 3401
 batch 3402
 batch 3403
 batch 3404
 batch 3405
 batch 3406
 batch 3407
 batch 3408
 batch 3409
 batch 3410
 batch 3411
 batch 3412
 batch 3413
 batch 3414
 batch 3415
 batch 3416
 batch 3417
 batch 3418
 batch 3419
 batch 3420
 batch 3421
 batch 3422
 batch 3423
 batch 3424
 batch 3425
 batch 3426
 batch 3427
 batch 3428
 batch 3429
 batch 3430
 batch 3431
 batch 3432
 batch 3433
 batch 3434
 batch 3435
 batch 3436
 batch 3437
 batch 3438
 batch 3439
 batch 3440
 batch 3441
 batch 3442
 batch 3443
 batch 3444
 batch 3445
 batch 3446
 batch 3447
 batch 3448
 batch 3449
 batch 3450
 batch 3451
 batch 3452
 batch 3453
 batch 3454
 batch 3455
 batch 3456
 batch 3457
 batch 3458
 batch 3459
 batch 3460
 batch 3461
 batch 3462
 batch 3463
 batch 3464
 batch 3465
 batch 3466
 batch 3467
 batch 3468
 batch 3469
 batch 3470
 batch 3471
 batch 3472
 batch 3473
 batch 3474
 batch 3475
 batch 3476
 batch 3477
 batch 3478
 batch 3479
 batch 3480
 batch 3481
 batch 3482
 batch 3483
 batch 3484
 batch 3485
 batch 3486
 batch 3487
 batch 3488
 batch 3489
 batch 3490
 batch 3491
 batch 3492
 batch 3493
 batch 3494
 batch 3495
 batch 3496
 batch 3497
 batch 3498
 batch 3499
 batch 3500
 batch 3501
 batch 3502
 batch 3503
 batch 3504
 batch 3505
 batch 3506
 batch 3507
 batch 3508
 batch 3509
 batch 3510
 batch 3511
 batch 3512
 batch 3513
 batch 3514
 batch 3515
 batch 3516
 batch 3517
 batch 3518
 batch 3519
 batch 3520
 batch 3521
 batch 3522
 batch 3523
 batch 3524
 batch 3525
 batch 3526
 batch 3527
 batch 3528
 batch 3529
 batch 3530
 batch 3531
 batch 3532
 batch 3533
 batch 3534
 batch 3535
 batch 3536
 batch 3537
 batch 3538
 batch 3539
 batch 3540
 batch 3541
 batch 3542
 batch 3543
 batch 3544
 batch 3545
 batch 3546
 batch 3547
 batch 3548
 batch 3549
 batch 3550
 batch 3551
 batch 3552
 batch 3553
 batch 3554
 batch 3555
 batch 3556
 batch 3557
 batch 3558
 batch 3559
 batch 3560
 batch 3561
 batch 3562
 batch 3563
 batch 0
 batch 1
 batch 2
 batch 3
 batch 4
 batch 5
 batch 6
 batch 7
 batch 8
 batch 9
 batch 10
 batch 11
 batch 12
 batch 13
 batch 14
 batch 15
 batch 16
 batch 17
 batch 18
 batch 19
 batch 20
 batch 21
 batch 22
 batch 23
 batch 24
 batch 25
 batch 26
 batch 27
 batch 28
 batch 29
 batch 30
 batch 31
 batch 32
 batch 33
 batch 34
 batch 35
 batch 36
 batch 37
 batch 38
 batch 39
 batch 40
 batch 41
 batch 42
 batch 43
 batch 44
 batch 45
 batch 46
 batch 47
 batch 48
 batch 49
 batch 50
 batch 51
 batch 52
 batch 53
 batch 54
 batch 55
 batch 56
 batch 57
 batch 58
 batch 59
 batch 60
 batch 61
 batch 62
 batch 63
 batch 64
 batch 65
 batch 66
 batch 67
 batch 68
 batch 69
 batch 70
 batch 71
 batch 72
 batch 73
 batch 74
 batch 75
 batch 76
 batch 77
 batch 78
 batch 79
 batch 80
 batch 81
 batch 82
 batch 83
 batch 84
 batch 85
 batch 86
 batch 87
 batch 88
 batch 89
 batch 90
 batch 91
 batch 92
 batch 93
 batch 94
 batch 95
 batch 96
 batch 97
 batch 98
 batch 99
 batch 100
 batch 101
 batch 102
 batch 103
 batch 104
 batch 105
 batch 106
 batch 107
 batch 108
 batch 109
 batch 110
 batch 111
 batch 112
 batch 113
 batch 114
 batch 115
 batch 116
 batch 117
 batch 118
 batch 119
 batch 120
 batch 121
 batch 122
 batch 123
 batch 124
 batch 125
 batch 126
 batch 127
 batch 128
 batch 129
 batch 130
 batch 131
 batch 132
 batch 133
 batch 134
 batch 135
 batch 136
 batch 137
 batch 138
 batch 139
 batch 140
 batch 141
 batch 142
 batch 143
 batch 144
 batch 145
 batch 146
 batch 147
 batch 148
 batch 149
 batch 150
 batch 151
 batch 152
 batch 153
 batch 154
 batch 155
 batch 156
 batch 157
 batch 158
 batch 159
 batch 160
 batch 161
 batch 162
 batch 163
 batch 164
 batch 165
 batch 166
 batch 167
 batch 168
 batch 169
 batch 170
 batch 171
 batch 172
 batch 173
 batch 174
 batch 175
 batch 176
 batch 177
 batch 178
 batch 179
 batch 180
 batch 181
 batch 182
 batch 183
 batch 184
 batch 185
 batch 186
 batch 187
 batch 188
 batch 189
 batch 190
 batch 191
 batch 192
 batch 193
 batch 194
 batch 195
 batch 196
 batch 197
 batch 198
 batch 199
 batch 200
 batch 201
 batch 202
 batch 203
 batch 204
 batch 205
 batch 206
 batch 207
 batch 208
 batch 209
 batch 210
 batch 211
 batch 212
 batch 213
 batch 214
 batch 215
 batch 216
 batch 217
 batch 218
 batch 219
 batch 220
 batch 221
 batch 222
 batch 223
 batch 224
 batch 225
 batch 226
 batch 227
 batch 228
 batch 229
 batch 230
 batch 231
 batch 232
 batch 233
 batch 234
 batch 235
 batch 236
 batch 237
 batch 238
 batch 239
 batch 240
 batch 241
 batch 242
 batch 243
 batch 244
 batch 245
 batch 246
 batch 247
 batch 248
 batch 249
 batch 250
 batch 251
 batch 252
 batch 253
 batch 254
 batch 255
 batch 256
 batch 257
 batch 258
 batch 259
 batch 260
 batch 261
 batch 262
 batch 263
 batch 264
 batch 265
 batch 266
 batch 267
 batch 268
 batch 269
 batch 270
 batch 271
 batch 272
 batch 273
 batch 274
 batch 275
 batch 276
 batch 277
 batch 278
 batch 279
 batch 280
 batch 281
 batch 282
 batch 283
 batch 284
 batch 285
 batch 286
 batch 287
 batch 288
 batch 289
 batch 290
 batch 291
 batch 292
 batch 293
 batch 294
 batch 295
 batch 296
 batch 297
 batch 298
 batch 299
 batch 300
 batch 301
 batch 302
 batch 303
 batch 304
 batch 305
 batch 306
 batch 307
 batch 308
 batch 309
 batch 310
 batch 311
 batch 312
 batch 313
 batch 314
 batch 315
 batch 316
 batch 317
 batch 318
 batch 319
 batch 320
 batch 321
 batch 322
 batch 323
 batch 324
 batch 325
 batch 326
 batch 327
 batch 328
 batch 329
 batch 330
 batch 331
 batch 332
 batch 333
 batch 334
 batch 335
 batch 336
 batch 337
 batch 338
 batch 339
 batch 340
 batch 341
 batch 342
 batch 343
 batch 344
 batch 345
 batch 346
 batch 347
 batch 348
 batch 349
 batch 350
 batch 351
 batch 352
 batch 353
 batch 354
 batch 355
 batch 356
 batch 357
 batch 358
 batch 359
 batch 360
 batch 361
 batch 362
 batch 363
 batch 364
 batch 365
 batch 366
 batch 367
 batch 368
 batch 369
 batch 370
 batch 371
 batch 372
 batch 373
 batch 374
 batch 375
 batch 376
 batch 377
 batch 378
 batch 379
 batch 380
 batch 381
 batch 382
 batch 383
 batch 384
 batch 385
 batch 386
 batch 387
 batch 388
 batch 389
 batch 390
 batch 391
 batch 392
 batch 393
 batch 394
 batch 395
Epoch 2

 batch 0
 batch 1
 batch 2
 batch 3
 batch 4
 batch 5
 batch 6
 batch 7
 batch 8
 batch 9
 batch 10
 batch 11
 batch 12
 batch 13
 batch 14
 batch 15
 batch 16
 batch 17
 batch 18
 batch 19
 batch 20
 batch 21
 batch 22
 batch 23
 batch 24
 batch 25
 batch 26
 batch 27
 batch 28
 batch 29
 batch 30
 batch 31
 batch 32
 batch 33
 batch 34
 batch 35
 batch 36
 batch 37
 batch 38
 batch 39
 batch 40
 batch 41
 batch 42
 batch 43
 batch 44
 batch 45
 batch 46
 batch 47
 batch 48
 batch 49
 batch 50
 batch 51
 batch 52
 batch 53
 batch 54
 batch 55
 batch 56
 batch 57
 batch 58
 batch 59
 batch 60
 batch 61
 batch 62
 batch 63
 batch 64
 batch 65
 batch 66
 batch 67
 batch 68
 batch 69
 batch 70
 batch 71
 batch 72
 batch 73
 batch 74
 batch 75
 batch 76
 batch 77
 batch 78
 batch 79
 batch 80
 batch 81
 batch 82
 batch 83
 batch 84
 batch 85
 batch 86
 batch 87
 batch 88
 batch 89
 batch 90
 batch 91
 batch 92
 batch 93
 batch 94
 batch 95
 batch 96
 batch 97
 batch 98
 batch 99
 batch 100
 batch 101
 batch 102
 batch 103
 batch 104
 batch 105
 batch 106
 batch 107
 batch 108
 batch 109
 batch 110
 batch 111
 batch 112
 batch 113
 batch 114
 batch 115
 batch 116
 batch 117
 batch 118
 batch 119
 batch 120
 batch 121
 batch 122
 batch 123
 batch 124
 batch 125
 batch 126
 batch 127
 batch 128
 batch 129
 batch 130
 batch 131
 batch 132
 batch 133
 batch 134
 batch 135
 batch 136
 batch 137
 batch 138
 batch 139
 batch 140
 batch 141
 batch 142
 batch 143
 batch 144
 batch 145
 batch 146
 batch 147
 batch 148
 batch 149
 batch 150
 batch 151
 batch 152
 batch 153
 batch 154
 batch 155
 batch 156
 batch 157
 batch 158
 batch 159
 batch 160
 batch 161
 batch 162
 batch 163
 batch 164
 batch 165
 batch 166
 batch 167
 batch 168
 batch 169
 batch 170
 batch 171
 batch 172
 batch 173
 batch 174
 batch 175
 batch 176
 batch 177
 batch 178
 batch 179
 batch 180
 batch 181
 batch 182
 batch 183
 batch 184
 batch 185
 batch 186
 batch 187
 batch 188
 batch 189
 batch 190
 batch 191
 batch 192
 batch 193
 batch 194
 batch 195
 batch 196
 batch 197
 batch 198
 batch 199
 batch 200
 batch 201
 batch 202
 batch 203
 batch 204
 batch 205
 batch 206
 batch 207
 batch 208
 batch 209
 batch 210
 batch 211
 batch 212
 batch 213
 batch 214
 batch 215
 batch 216
 batch 217
 batch 218
 batch 219
 batch 220
 batch 221
 batch 222
 batch 223
 batch 224
 batch 225
 batch 226
 batch 227
 batch 228
 batch 229
 batch 230
 batch 231
 batch 232
 batch 233
 batch 234
 batch 235
 batch 236
 batch 237
 batch 238
 batch 239
 batch 240
 batch 241
 batch 242
 batch 243
 batch 244
 batch 245
 batch 246
 batch 247
 batch 248
 batch 249
 batch 250
 batch 251
 batch 252
 batch 253
 batch 254
 batch 255
 batch 256
 batch 257
 batch 258
 batch 259
 batch 260
 batch 261
 batch 262
 batch 263
 batch 264
 batch 265
 batch 266
 batch 267
 batch 268
 batch 269
 batch 270
 batch 271
 batch 272
 batch 273
 batch 274
 batch 275
 batch 276
 batch 277
 batch 278
 batch 279
 batch 280
 batch 281
 batch 282
 batch 283
 batch 284
 batch 285
 batch 286
 batch 287
 batch 288
 batch 289
 batch 290
 batch 291
 batch 292
 batch 293
 batch 294
 batch 295
 batch 296
 batch 297
 batch 298
 batch 299
 batch 300
 batch 301
 batch 302
 batch 303
 batch 304
 batch 305
 batch 306
 batch 307
 batch 308
 batch 309
 batch 310
 batch 311
 batch 312
 batch 313
 batch 314
 batch 315
 batch 316
 batch 317
 batch 318
 batch 319
 batch 320
 batch 321
 batch 322
 batch 323
 batch 324
 batch 325
 batch 326
 batch 327
 batch 328
 batch 329
 batch 330
 batch 331
 batch 332
 batch 333
 batch 334
 batch 335
 batch 336
 batch 337
 batch 338
 batch 339
 batch 340
 batch 341
 batch 342
 batch 343
 batch 344
 batch 345
 batch 346
 batch 347
 batch 348
 batch 349
 batch 350
 batch 351
 batch 352
 batch 353
 batch 354
 batch 355
 batch 356
 batch 357
 batch 358
 batch 359
 batch 360
 batch 361
 batch 362
 batch 363
 batch 364
 batch 365
 batch 366
 batch 367
 batch 368
 batch 369
 batch 370
 batch 371
 batch 372
 batch 373
 batch 374
 batch 375
 batch 376
 batch 377
 batch 378
 batch 379
 batch 380
 batch 381
 batch 382
 batch 383
 batch 384
 batch 385
 batch 386
 batch 387
 batch 388
 batch 389
 batch 390
 batch 391
 batch 392
 batch 393
 batch 394
 batch 395
 batch 396
 batch 397
 batch 398
 batch 399
 batch 400
 batch 401
 batch 402
 batch 403
 batch 404
 batch 405
 batch 406
 batch 407
 batch 408
 batch 409
 batch 410
 batch 411
 batch 412
 batch 413
 batch 414
 batch 415
 batch 416
 batch 417
 batch 418
 batch 419
 batch 420
 batch 421
 batch 422
 batch 423
 batch 424
 batch 425
 batch 426
 batch 427
 batch 428
 batch 429
 batch 430
 batch 431
 batch 432
 batch 433
 batch 434
 batch 435
 batch 436
 batch 437
 batch 438
 batch 439
 batch 440
 batch 441
 batch 442
 batch 443
 batch 444
 batch 445
 batch 446
 batch 447
 batch 448
 batch 449
 batch 450
 batch 451
 batch 452
 batch 453
 batch 454
 batch 455
 batch 456
 batch 457
 batch 458
 batch 459
 batch 460
 batch 461
 batch 462
 batch 463
 batch 464
 batch 465
 batch 466
 batch 467
 batch 468
 batch 469
 batch 470
 batch 471
 batch 472
 batch 473
 batch 474
 batch 475
 batch 476
 batch 477
 batch 478
 batch 479
 batch 480
 batch 481
 batch 482
 batch 483
 batch 484
 batch 485
 batch 486
 batch 487
 batch 488
 batch 489
 batch 490
 batch 491
 batch 492
 batch 493
 batch 494
 batch 495
 batch 496
 batch 497
 batch 498
 batch 499
 batch 500
 batch 501
 batch 502
 batch 503
 batch 504
 batch 505
 batch 506
 batch 507
 batch 508
 batch 509
 batch 510
 batch 511
 batch 512
 batch 513
 batch 514
 batch 515
 batch 516
 batch 517
 batch 518
 batch 519
 batch 520
 batch 521
 batch 522
 batch 523
 batch 524
 batch 525
 batch 526
 batch 527
 batch 528
 batch 529
 batch 530
 batch 531
 batch 532
 batch 533
 batch 534
 batch 535
 batch 536
 batch 537
 batch 538
 batch 539
 batch 540
 batch 541
 batch 542
 batch 543
 batch 544
 batch 545
 batch 546
 batch 547
 batch 548
 batch 549
 batch 550
 batch 551
 batch 552
 batch 553
 batch 554
 batch 555
 batch 556
 batch 557
 batch 558
 batch 559
 batch 560
 batch 561
 batch 562
 batch 563
 batch 564
 batch 565
 batch 566
 batch 567
 batch 568
 batch 569
 batch 570
 batch 571
 batch 572
 batch 573
 batch 574
 batch 575
 batch 576
 batch 577
 batch 578
 batch 579
 batch 580
 batch 581
 batch 582
 batch 583
 batch 584
 batch 585
 batch 586
 batch 587
 batch 588
 batch 589
 batch 590
 batch 591
 batch 592
 batch 593
 batch 594
 batch 595
 batch 596
 batch 597
 batch 598
 batch 599
 batch 600
 batch 601
 batch 602
 batch 603
 batch 604
 batch 605
 batch 606
 batch 607
 batch 608
 batch 609
 batch 610
 batch 611
 batch 612
 batch 613
 batch 614
 batch 615
 batch 616
 batch 617
 batch 618
 batch 619
 batch 620
 batch 621
 batch 622
 batch 623
 batch 624
 batch 625
 batch 626
 batch 627
 batch 628
 batch 629
 batch 630
 batch 631
 batch 632
 batch 633
 batch 634
 batch 635
 batch 636
 batch 637
 batch 638
 batch 639
 batch 640
 batch 641
 batch 642
 batch 643
 batch 644
 batch 645
 batch 646
 batch 647
 batch 648
 batch 649
 batch 650
 batch 651
 batch 652
 batch 653
 batch 654
 batch 655
 batch 656
 batch 657
 batch 658
 batch 659
 batch 660
 batch 661
 batch 662
 batch 663
 batch 664
 batch 665
 batch 666
 batch 667
 batch 668
 batch 669
 batch 670
 batch 671
 batch 672
 batch 673
 batch 674
 batch 675
 batch 676
 batch 677
 batch 678
 batch 679
 batch 680
 batch 681
 batch 682
 batch 683
 batch 684
 batch 685
 batch 686
 batch 687
 batch 688
 batch 689
 batch 690
 batch 691
 batch 692
 batch 693
 batch 694
 batch 695
 batch 696
 batch 697
 batch 698
 batch 699
 batch 700
 batch 701
 batch 702
 batch 703
 batch 704
 batch 705
 batch 706
 batch 707
 batch 708
 batch 709
 batch 710
 batch 711
 batch 712
 batch 713
 batch 714
 batch 715
 batch 716
 batch 717
 batch 718
 batch 719
 batch 720
 batch 721
 batch 722
 batch 723
 batch 724
 batch 725
 batch 726
 batch 727
 batch 728
 batch 729
 batch 730
 batch 731
 batch 732
 batch 733
 batch 734
 batch 735
 batch 736
 batch 737
 batch 738
 batch 739
 batch 740
 batch 741
 batch 742
 batch 743
 batch 744
 batch 745
 batch 746
 batch 747
 batch 748
 batch 749
 batch 750
 batch 751
 batch 752
 batch 753
 batch 754
 batch 755
 batch 756
 batch 757
 batch 758
 batch 759
 batch 760
 batch 761
 batch 762
 batch 763
 batch 764
 batch 765
 batch 766
 batch 767
 batch 768
 batch 769
 batch 770
 batch 771
 batch 772
 batch 773
 batch 774
 batch 775
 batch 776
 batch 777
 batch 778
 batch 779
 batch 780
 batch 781
 batch 782
 batch 783
 batch 784
 batch 785
 batch 786
 batch 787
 batch 788
 batch 789
 batch 790
 batch 791
 batch 792
 batch 793
 batch 794
 batch 795
 batch 796
 batch 797
 batch 798
 batch 799
 batch 800
 batch 801
 batch 802
 batch 803
 batch 804
 batch 805
 batch 806
 batch 807
 batch 808
 batch 809
 batch 810
 batch 811
 batch 812
 batch 813
 batch 814
 batch 815
 batch 816
 batch 817
 batch 818
 batch 819
 batch 820
 batch 821
 batch 822
 batch 823
 batch 824
 batch 825
 batch 826
 batch 827
 batch 828
 batch 829
 batch 830
 batch 831
 batch 832
 batch 833
 batch 834
 batch 835
 batch 836
 batch 837
 batch 838
 batch 839
 batch 840
 batch 841
 batch 842
 batch 843
 batch 844
 batch 845
 batch 846
 batch 847
 batch 848
 batch 849
 batch 850
 batch 851
 batch 852
 batch 853
 batch 854
 batch 855
 batch 856
 batch 857
 batch 858
 batch 859
 batch 860
 batch 861
 batch 862
 batch 863
 batch 864
 batch 865
 batch 866
 batch 867
 batch 868
 batch 869
 batch 870
 batch 871
 batch 872
 batch 873
 batch 874
 batch 875
 batch 876
 batch 877
 batch 878
 batch 879
 batch 880
 batch 881
 batch 882
 batch 883
 batch 884
 batch 885
 batch 886
 batch 887
 batch 888
 batch 889
 batch 890
 batch 891
 batch 892
 batch 893
 batch 894
 batch 895
 batch 896
 batch 897
 batch 898
 batch 899
 batch 900
 batch 901
 batch 902
 batch 903
 batch 904
 batch 905
 batch 906
 batch 907
 batch 908
 batch 909
 batch 910
 batch 911
 batch 912
 batch 913
 batch 914
 batch 915
 batch 916
 batch 917
 batch 918
 batch 919
 batch 920
 batch 921
 batch 922
 batch 923
 batch 924
 batch 925
 batch 926
 batch 927
 batch 928
 batch 929
 batch 930
 batch 931
 batch 932
 batch 933
 batch 934
 batch 935
 batch 936
 batch 937
 batch 938
 batch 939
 batch 940
 batch 941
 batch 942
 batch 943
 batch 944
 batch 945
 batch 946
 batch 947
 batch 948
 batch 949
 batch 950
 batch 951
 batch 952
 batch 953
 batch 954
 batch 955
 batch 956
 batch 957
 batch 958
 batch 959
 batch 960
 batch 961
 batch 962
 batch 963
 batch 964
 batch 965
 batch 966
 batch 967
 batch 968
 batch 969
 batch 970
 batch 971
 batch 972
 batch 973
 batch 974
 batch 975
 batch 976
 batch 977
 batch 978
 batch 979
 batch 980
 batch 981
 batch 982
 batch 983
 batch 984
 batch 985
 batch 986
 batch 987
 batch 988
 batch 989
 batch 990
 batch 991
 batch 992
 batch 993
 batch 994
 batch 995
 batch 996
 batch 997
 batch 998
 batch 999
 batch 1000
 batch 1001
 batch 1002
 batch 1003
 batch 1004
 batch 1005
 batch 1006
 batch 1007
 batch 1008
 batch 1009
 batch 1010
 batch 1011
 batch 1012
 batch 1013
 batch 1014
 batch 1015
 batch 1016
 batch 1017
 batch 1018
 batch 1019
 batch 1020
 batch 1021
 batch 1022
 batch 1023
 batch 1024
 batch 1025
 batch 1026
 batch 1027
 batch 1028
 batch 1029
 batch 1030
 batch 1031
 batch 1032
 batch 1033
 batch 1034
 batch 1035
 batch 1036
 batch 1037
 batch 1038
 batch 1039
 batch 1040
 batch 1041
 batch 1042
 batch 1043
 batch 1044
 batch 1045
 batch 1046
 batch 1047
 batch 1048
 batch 1049
 batch 1050
 batch 1051
 batch 1052
 batch 1053
 batch 1054
 batch 1055
 batch 1056
 batch 1057
 batch 1058
 batch 1059
 batch 1060
 batch 1061
 batch 1062
 batch 1063
 batch 1064
 batch 1065
 batch 1066
 batch 1067
 batch 1068
 batch 1069
 batch 1070
 batch 1071
 batch 1072
 batch 1073
 batch 1074
 batch 1075
 batch 1076
 batch 1077
 batch 1078
 batch 1079
 batch 1080
 batch 1081
 batch 1082
 batch 1083
 batch 1084
 batch 1085
 batch 1086
 batch 1087
 batch 1088
 batch 1089
 batch 1090
 batch 1091
 batch 1092
 batch 1093
 batch 1094
 batch 1095
 batch 1096
 batch 1097
 batch 1098
 batch 1099
 batch 1100
 batch 1101
 batch 1102
 batch 1103
 batch 1104
 batch 1105
 batch 1106
 batch 1107
 batch 1108
 batch 1109
 batch 1110
 batch 1111
 batch 1112
 batch 1113
 batch 1114
 batch 1115
 batch 1116
 batch 1117
 batch 1118
 batch 1119
 batch 1120
 batch 1121
 batch 1122
 batch 1123
 batch 1124
 batch 1125
 batch 1126
 batch 1127
 batch 1128
 batch 1129
 batch 1130
 batch 1131
 batch 1132
 batch 1133
 batch 1134
 batch 1135
 batch 1136
 batch 1137
 batch 1138
 batch 1139
 batch 1140
 batch 1141
 batch 1142
 batch 1143
 batch 1144
 batch 1145
 batch 1146
 batch 1147
 batch 1148
 batch 1149
 batch 1150
 batch 1151
 batch 1152
 batch 1153
 batch 1154
 batch 1155
 batch 1156
 batch 1157
 batch 1158
 batch 1159
 batch 1160
 batch 1161
 batch 1162
 batch 1163
 batch 1164
 batch 1165
 batch 1166
 batch 1167
 batch 1168
 batch 1169
 batch 1170
 batch 1171
 batch 1172
 batch 1173
 batch 1174
 batch 1175
 batch 1176
 batch 1177
 batch 1178
 batch 1179
 batch 1180
 batch 1181
 batch 1182
 batch 1183
 batch 1184
 batch 1185
 batch 1186
 batch 1187
 batch 1188
 batch 1189
 batch 1190
 batch 1191
 batch 1192
 batch 1193
 batch 1194
 batch 1195
 batch 1196
 batch 1197
 batch 1198
 batch 1199
 batch 1200
 batch 1201
 batch 1202
 batch 1203
 batch 1204
 batch 1205
 batch 1206
 batch 1207
 batch 1208
 batch 1209
 batch 1210
 batch 1211
 batch 1212
 batch 1213
 batch 1214
 batch 1215
 batch 1216
 batch 1217
 batch 1218
 batch 1219
 batch 1220
 batch 1221
 batch 1222
 batch 1223
 batch 1224
 batch 1225
 batch 1226
 batch 1227
 batch 1228
 batch 1229
 batch 1230
 batch 1231
 batch 1232
 batch 1233
 batch 1234
 batch 1235
 batch 1236
 batch 1237
 batch 1238
 batch 1239
 batch 1240
 batch 1241
 batch 1242
 batch 1243
 batch 1244
 batch 1245
 batch 1246
 batch 1247
 batch 1248
 batch 1249
 batch 1250
 batch 1251
 batch 1252
 batch 1253
 batch 1254
 batch 1255
 batch 1256
 batch 1257
 batch 1258
 batch 1259
 batch 1260
 batch 1261
 batch 1262
 batch 1263
 batch 1264
 batch 1265
 batch 1266
 batch 1267
 batch 1268
 batch 1269
 batch 1270
 batch 1271
 batch 1272
 batch 1273
 batch 1274
 batch 1275
 batch 1276
 batch 1277
 batch 1278
 batch 1279
 batch 1280
 batch 1281
 batch 1282
 batch 1283
 batch 1284
 batch 1285
 batch 1286
 batch 1287
 batch 1288
 batch 1289
 batch 1290
 batch 1291
 batch 1292
 batch 1293
 batch 1294
 batch 1295
 batch 1296
 batch 1297
 batch 1298
 batch 1299
 batch 1300
 batch 1301
 batch 1302
 batch 1303
 batch 1304
 batch 1305
 batch 1306
 batch 1307
 batch 1308
 batch 1309
 batch 1310
 batch 1311
 batch 1312
 batch 1313
 batch 1314
 batch 1315
 batch 1316
 batch 1317
 batch 1318
 batch 1319
 batch 1320
 batch 1321
 batch 1322
 batch 1323
 batch 1324
 batch 1325
 batch 1326
 batch 1327
 batch 1328
 batch 1329
 batch 1330
 batch 1331
 batch 1332
 batch 1333
 batch 1334
 batch 1335
 batch 1336
 batch 1337
 batch 1338
 batch 1339
 batch 1340
 batch 1341
 batch 1342
 batch 1343
 batch 1344
 batch 1345
 batch 1346
 batch 1347
 batch 1348
 batch 1349
 batch 1350
 batch 1351
 batch 1352
 batch 1353
 batch 1354
 batch 1355
 batch 1356
 batch 1357
 batch 1358
 batch 1359
 batch 1360
 batch 1361
 batch 1362
 batch 1363
 batch 1364
 batch 1365
 batch 1366
 batch 1367
 batch 1368
 batch 1369
 batch 1370
 batch 1371
 batch 1372
 batch 1373
 batch 1374
 batch 1375
 batch 1376
 batch 1377
 batch 1378
 batch 1379
 batch 1380
 batch 1381
 batch 1382
 batch 1383
 batch 1384
 batch 1385
 batch 1386
 batch 1387
 batch 1388
 batch 1389
 batch 1390
 batch 1391
 batch 1392
 batch 1393
 batch 1394
 batch 1395
 batch 1396
 batch 1397
 batch 1398
 batch 1399
 batch 1400
 batch 1401
 batch 1402
 batch 1403
 batch 1404
 batch 1405
 batch 1406
 batch 1407
 batch 1408
 batch 1409
 batch 1410
 batch 1411
 batch 1412
 batch 1413
 batch 1414
 batch 1415
 batch 1416
 batch 1417
 batch 1418
 batch 1419
 batch 1420
 batch 1421
 batch 1422
 batch 1423
 batch 1424
 batch 1425
 batch 1426
 batch 1427
 batch 1428
 batch 1429
 batch 1430
 batch 1431
 batch 1432
 batch 1433
 batch 1434
 batch 1435
 batch 1436
 batch 1437
 batch 1438
 batch 1439
 batch 1440
 batch 1441
 batch 1442
 batch 1443
 batch 1444
 batch 1445
 batch 1446
 batch 1447
 batch 1448
 batch 1449
 batch 1450
 batch 1451
 batch 1452
 batch 1453
 batch 1454
 batch 1455
 batch 1456
 batch 1457
 batch 1458
 batch 1459
 batch 1460
 batch 1461
 batch 1462
 batch 1463
 batch 1464
 batch 1465
 batch 1466
 batch 1467
 batch 1468
 batch 1469
 batch 1470
 batch 1471
 batch 1472
 batch 1473
 batch 1474
 batch 1475
 batch 1476
 batch 1477
 batch 1478
 batch 1479
 batch 1480
 batch 1481
 batch 1482
 batch 1483
 batch 1484
 batch 1485
 batch 1486
 batch 1487
 batch 1488
 batch 1489
 batch 1490
 batch 1491
 batch 1492
 batch 1493
 batch 1494
 batch 1495
 batch 1496
 batch 1497
 batch 1498
 batch 1499
 batch 1500
 batch 1501
 batch 1502
 batch 1503
 batch 1504
 batch 1505
 batch 1506
 batch 1507
 batch 1508
 batch 1509
 batch 1510
 batch 1511
 batch 1512
 batch 1513
 batch 1514
 batch 1515
 batch 1516
 batch 1517
 batch 1518
 batch 1519
 batch 1520
 batch 1521
 batch 1522
 batch 1523
 batch 1524
 batch 1525
 batch 1526
 batch 1527
 batch 1528
 batch 1529
 batch 1530
 batch 1531
 batch 1532
 batch 1533
 batch 1534
 batch 1535
 batch 1536
 batch 1537
 batch 1538
 batch 1539
 batch 1540
 batch 1541
 batch 1542
 batch 1543
 batch 1544
 batch 1545
 batch 1546
 batch 1547
 batch 1548
 batch 1549
 batch 1550
 batch 1551
 batch 1552
 batch 1553
 batch 1554
 batch 1555
 batch 1556
 batch 1557
 batch 1558
 batch 1559
 batch 1560
 batch 1561
 batch 1562
 batch 1563
 batch 1564
 batch 1565
 batch 1566
 batch 1567
 batch 1568
 batch 1569
 batch 1570
 batch 1571
 batch 1572
 batch 1573
 batch 1574
 batch 1575
 batch 1576
 batch 1577
 batch 1578
 batch 1579
 batch 1580
 batch 1581
 batch 1582
 batch 1583
 batch 1584
 batch 1585
 batch 1586
 batch 1587
 batch 1588
 batch 1589
 batch 1590
 batch 1591
 batch 1592
 batch 1593
 batch 1594
 batch 1595
 batch 1596
 batch 1597
 batch 1598
 batch 1599
 batch 1600
 batch 1601
 batch 1602
 batch 1603
 batch 1604
 batch 1605
 batch 1606
 batch 1607
 batch 1608
 batch 1609
 batch 1610
 batch 1611
 batch 1612
 batch 1613
 batch 1614
 batch 1615
 batch 1616
 batch 1617
 batch 1618
 batch 1619
 batch 1620
 batch 1621
 batch 1622
 batch 1623
 batch 1624
 batch 1625
 batch 1626
 batch 1627
 batch 1628
 batch 1629
 batch 1630
 batch 1631
 batch 1632
 batch 1633
 batch 1634
 batch 1635
 batch 1636
 batch 1637
 batch 1638
 batch 1639
 batch 1640
 batch 1641
 batch 1642
 batch 1643
 batch 1644
 batch 1645
 batch 1646
 batch 1647
 batch 1648
 batch 1649
 batch 1650
 batch 1651
 batch 1652
 batch 1653
 batch 1654
 batch 1655
 batch 1656
 batch 1657
 batch 1658
 batch 1659
 batch 1660
 batch 1661
 batch 1662
 batch 1663
 batch 1664
 batch 1665
 batch 1666
 batch 1667
 batch 1668
 batch 1669
 batch 1670
 batch 1671
 batch 1672
 batch 1673
 batch 1674
 batch 1675
 batch 1676
 batch 1677
 batch 1678
 batch 1679
 batch 1680
 batch 1681
 batch 1682
 batch 1683
 batch 1684
 batch 1685
 batch 1686
 batch 1687
 batch 1688
 batch 1689
 batch 1690
 batch 1691
 batch 1692
 batch 1693
 batch 1694
 batch 1695
 batch 1696
 batch 1697
 batch 1698
 batch 1699
 batch 1700
 batch 1701
 batch 1702
 batch 1703
 batch 1704
 batch 1705
 batch 1706
 batch 1707
 batch 1708
 batch 1709
 batch 1710
 batch 1711
 batch 1712
 batch 1713
 batch 1714
 batch 1715
 batch 1716
 batch 1717
 batch 1718
 batch 1719
 batch 1720
 batch 1721
 batch 1722
 batch 1723
 batch 1724
 batch 1725
 batch 1726
 batch 1727
 batch 1728
 batch 1729
 batch 1730
 batch 1731
 batch 1732
 batch 1733
 batch 1734
 batch 1735
 batch 1736
 batch 1737
 batch 1738
 batch 1739
 batch 1740
 batch 1741
 batch 1742
 batch 1743
 batch 1744
 batch 1745
 batch 1746
 batch 1747
 batch 1748
 batch 1749
 batch 1750
 batch 1751
 batch 1752
 batch 1753
 batch 1754
 batch 1755
 batch 1756
 batch 1757
 batch 1758
 batch 1759
 batch 1760
 batch 1761
 batch 1762
 batch 1763
 batch 1764
 batch 1765
 batch 1766
 batch 1767
 batch 1768
 batch 1769
 batch 1770
 batch 1771
 batch 1772
 batch 1773
 batch 1774
 batch 1775
 batch 1776
 batch 1777
 batch 1778
 batch 1779
 batch 1780
 batch 1781
 batch 1782
 batch 1783
 batch 1784
 batch 1785
 batch 1786
 batch 1787
 batch 1788
 batch 1789
 batch 1790
 batch 1791
 batch 1792
 batch 1793
 batch 1794
 batch 1795
 batch 1796
 batch 1797
 batch 1798
 batch 1799
 batch 1800
 batch 1801
 batch 1802
 batch 1803
 batch 1804
 batch 1805
 batch 1806
 batch 1807
 batch 1808
 batch 1809
 batch 1810
 batch 1811
 batch 1812
 batch 1813
 batch 1814
 batch 1815
 batch 1816
 batch 1817
 batch 1818
 batch 1819
 batch 1820
 batch 1821
 batch 1822
 batch 1823
 batch 1824
 batch 1825
 batch 1826
 batch 1827
 batch 1828
 batch 1829
 batch 1830
 batch 1831
 batch 1832
 batch 1833
 batch 1834
 batch 1835
 batch 1836
 batch 1837
 batch 1838
 batch 1839
 batch 1840
 batch 1841
 batch 1842
 batch 1843
 batch 1844
 batch 1845
 batch 1846
 batch 1847
 batch 1848
 batch 1849
 batch 1850
 batch 1851
 batch 1852
 batch 1853
 batch 1854
 batch 1855
 batch 1856
 batch 1857
 batch 1858
 batch 1859
 batch 1860
 batch 1861
 batch 1862
 batch 1863
 batch 1864
 batch 1865
 batch 1866
 batch 1867
 batch 1868
 batch 1869
 batch 1870
 batch 1871
 batch 1872
 batch 1873
 batch 1874
 batch 1875
 batch 1876
 batch 1877
 batch 1878
 batch 1879
 batch 1880
 batch 1881
 batch 1882
 batch 1883
 batch 1884
 batch 1885
 batch 1886
 batch 1887
 batch 1888
 batch 1889
 batch 1890
 batch 1891
 batch 1892
 batch 1893
 batch 1894
 batch 1895
 batch 1896
 batch 1897
 batch 1898
 batch 1899
 batch 1900
 batch 1901
 batch 1902
 batch 1903
 batch 1904
 batch 1905
 batch 1906
 batch 1907
 batch 1908
 batch 1909
 batch 1910
 batch 1911
 batch 1912
 batch 1913
 batch 1914
 batch 1915
 batch 1916
 batch 1917
 batch 1918
 batch 1919
 batch 1920
 batch 1921
 batch 1922
 batch 1923
 batch 1924
 batch 1925
 batch 1926
 batch 1927
 batch 1928
 batch 1929
 batch 1930
 batch 1931
 batch 1932
 batch 1933
 batch 1934
 batch 1935
 batch 1936
 batch 1937
 batch 1938
 batch 1939
 batch 1940
 batch 1941
 batch 1942
 batch 1943
 batch 1944
 batch 1945
 batch 1946
 batch 1947
 batch 1948
 batch 1949
 batch 1950
 batch 1951
 batch 1952
 batch 1953
 batch 1954
 batch 1955
 batch 1956
 batch 1957
 batch 1958
 batch 1959
 batch 1960
 batch 1961
 batch 1962
 batch 1963
 batch 1964
 batch 1965
 batch 1966
 batch 1967
 batch 1968
 batch 1969
 batch 1970
 batch 1971
 batch 1972
 batch 1973
 batch 1974
 batch 1975
 batch 1976
 batch 1977
 batch 1978
 batch 1979
 batch 1980
 batch 1981
 batch 1982
 batch 1983
 batch 1984
 batch 1985
 batch 1986
 batch 1987
 batch 1988
 batch 1989
 batch 1990
 batch 1991
 batch 1992
 batch 1993
 batch 1994
 batch 1995
 batch 1996
 batch 1997
 batch 1998
 batch 1999
 batch 2000
 batch 2001
 batch 2002
 batch 2003
 batch 2004
 batch 2005
 batch 2006
 batch 2007
 batch 2008
 batch 2009
 batch 2010
 batch 2011
 batch 2012
 batch 2013
 batch 2014
 batch 2015
 batch 2016
 batch 2017
 batch 2018
 batch 2019
 batch 2020
 batch 2021
 batch 2022
 batch 2023
 batch 2024
 batch 2025
 batch 2026
 batch 2027
 batch 2028
 batch 2029
 batch 2030
 batch 2031
 batch 2032
 batch 2033
 batch 2034
 batch 2035
 batch 2036
 batch 2037
 batch 2038
 batch 2039
 batch 2040
 batch 2041
 batch 2042
 batch 2043
 batch 2044
 batch 2045
 batch 2046
 batch 2047
 batch 2048
 batch 2049
 batch 2050
 batch 2051
 batch 2052
 batch 2053
 batch 2054
 batch 2055
 batch 2056
 batch 2057
 batch 2058
 batch 2059
 batch 2060
 batch 2061
 batch 2062
 batch 2063
 batch 2064
 batch 2065
 batch 2066
 batch 2067
 batch 2068
 batch 2069
 batch 2070
 batch 2071
 batch 2072
 batch 2073
 batch 2074
 batch 2075
 batch 2076
 batch 2077
 batch 2078
 batch 2079
 batch 2080
 batch 2081
 batch 2082
 batch 2083
 batch 2084
 batch 2085
 batch 2086
 batch 2087
 batch 2088
 batch 2089
 batch 2090
 batch 2091
 batch 2092
 batch 2093
 batch 2094
 batch 2095
 batch 2096
 batch 2097
 batch 2098
 batch 2099
 batch 2100
 batch 2101
 batch 2102
 batch 2103
 batch 2104
 batch 2105
 batch 2106
 batch 2107
 batch 2108
 batch 2109
 batch 2110
 batch 2111
 batch 2112
 batch 2113
 batch 2114
 batch 2115
 batch 2116
 batch 2117
 batch 2118
 batch 2119
 batch 2120
 batch 2121
 batch 2122
 batch 2123
 batch 2124
 batch 2125
 batch 2126
 batch 2127
 batch 2128
 batch 2129
 batch 2130
 batch 2131
 batch 2132
 batch 2133
 batch 2134
 batch 2135
 batch 2136
 batch 2137
 batch 2138
 batch 2139
 batch 2140
 batch 2141
 batch 2142
 batch 2143
 batch 2144
 batch 2145
 batch 2146
 batch 2147
 batch 2148
 batch 2149
 batch 2150
 batch 2151
 batch 2152
 batch 2153
 batch 2154
 batch 2155
 batch 2156
 batch 2157
 batch 2158
 batch 2159
 batch 2160
 batch 2161
 batch 2162
 batch 2163
 batch 2164
 batch 2165
 batch 2166
 batch 2167
 batch 2168
 batch 2169
 batch 2170
 batch 2171
 batch 2172
 batch 2173
 batch 2174
 batch 2175
 batch 2176
 batch 2177
 batch 2178
 batch 2179
 batch 2180
 batch 2181
 batch 2182
 batch 2183
 batch 2184
 batch 2185
 batch 2186
 batch 2187
 batch 2188
 batch 2189
 batch 2190
 batch 2191
 batch 2192
 batch 2193
 batch 2194
 batch 2195
 batch 2196
 batch 2197
 batch 2198
 batch 2199
 batch 2200
 batch 2201
 batch 2202
 batch 2203
 batch 2204
 batch 2205
 batch 2206
 batch 2207
 batch 2208
 batch 2209
 batch 2210
 batch 2211
 batch 2212
 batch 2213
 batch 2214
 batch 2215
 batch 2216
 batch 2217
 batch 2218
 batch 2219
 batch 2220
 batch 2221
 batch 2222
 batch 2223
 batch 2224
 batch 2225
 batch 2226
 batch 2227
 batch 2228
 batch 2229
 batch 2230
 batch 2231
 batch 2232
 batch 2233
 batch 2234
 batch 2235
 batch 2236
 batch 2237
 batch 2238
 batch 2239
 batch 2240
 batch 2241
 batch 2242
 batch 2243
 batch 2244
 batch 2245
 batch 2246
 batch 2247
 batch 2248
 batch 2249
 batch 2250
 batch 2251
 batch 2252
 batch 2253
 batch 2254
 batch 2255
 batch 2256
 batch 2257
 batch 2258
 batch 2259
 batch 2260
 batch 2261
 batch 2262
 batch 2263
 batch 2264
 batch 2265
 batch 2266
 batch 2267
 batch 2268
 batch 2269
 batch 2270
 batch 2271
 batch 2272
 batch 2273
 batch 2274
 batch 2275
 batch 2276
 batch 2277
 batch 2278
 batch 2279
 batch 2280
 batch 2281
 batch 2282
 batch 2283
 batch 2284
 batch 2285
 batch 2286
 batch 2287
 batch 2288
 batch 2289
 batch 2290
 batch 2291
 batch 2292
 batch 2293
 batch 2294
 batch 2295
 batch 2296
 batch 2297
 batch 2298
 batch 2299
 batch 2300
 batch 2301
 batch 2302
 batch 2303
 batch 2304
 batch 2305
 batch 2306
 batch 2307
 batch 2308
 batch 2309
 batch 2310
 batch 2311
 batch 2312
 batch 2313
 batch 2314
 batch 2315
 batch 2316
 batch 2317
 batch 2318
 batch 2319
 batch 2320
 batch 2321
 batch 2322
 batch 2323
 batch 2324
 batch 2325
 batch 2326
 batch 2327
 batch 2328
 batch 2329
 batch 2330
 batch 2331
 batch 2332
 batch 2333
 batch 2334
 batch 2335
 batch 2336
 batch 2337
 batch 2338
 batch 2339
 batch 2340
 batch 2341
 batch 2342
 batch 2343
 batch 2344
 batch 2345
 batch 2346
 batch 2347
 batch 2348
 batch 2349
 batch 2350
 batch 2351
 batch 2352
 batch 2353
 batch 2354
 batch 2355
 batch 2356
 batch 2357
 batch 2358
 batch 2359
 batch 2360
 batch 2361
 batch 2362
 batch 2363
 batch 2364
 batch 2365
 batch 2366
 batch 2367
 batch 2368
 batch 2369
 batch 2370
 batch 2371
 batch 2372
 batch 2373
 batch 2374
 batch 2375
 batch 2376
 batch 2377
 batch 2378
 batch 2379
 batch 2380
 batch 2381
 batch 2382
 batch 2383
 batch 2384
 batch 2385
 batch 2386
 batch 2387
 batch 2388
 batch 2389
 batch 2390
 batch 2391
 batch 2392
 batch 2393
 batch 2394
 batch 2395
 batch 2396
 batch 2397
 batch 2398
 batch 2399
 batch 2400
 batch 2401
 batch 2402
 batch 2403
 batch 2404
 batch 2405
 batch 2406
 batch 2407
 batch 2408
 batch 2409
 batch 2410
 batch 2411
 batch 2412
 batch 2413
 batch 2414
 batch 2415
 batch 2416
 batch 2417
 batch 2418
 batch 2419
 batch 2420
 batch 2421
 batch 2422
 batch 2423
 batch 2424
 batch 2425
 batch 2426
 batch 2427
 batch 2428
 batch 2429
 batch 2430
 batch 2431
 batch 2432
 batch 2433
 batch 2434
 batch 2435
 batch 2436
 batch 2437
 batch 2438
 batch 2439
 batch 2440
 batch 2441
 batch 2442
 batch 2443
 batch 2444
 batch 2445
 batch 2446
 batch 2447
 batch 2448
 batch 2449
 batch 2450
 batch 2451
 batch 2452
 batch 2453
 batch 2454
 batch 2455
 batch 2456
 batch 2457
 batch 2458
 batch 2459
 batch 2460
 batch 2461
 batch 2462
 batch 2463
 batch 2464
 batch 2465
 batch 2466
 batch 2467
 batch 2468
 batch 2469
 batch 2470
 batch 2471
 batch 2472
 batch 2473
 batch 2474
 batch 2475
 batch 2476
 batch 2477
 batch 2478
 batch 2479
 batch 2480
 batch 2481
 batch 2482
 batch 2483
 batch 2484
 batch 2485
 batch 2486
 batch 2487
 batch 2488
 batch 2489
 batch 2490
 batch 2491
 batch 2492
 batch 2493
 batch 2494
 batch 2495
 batch 2496
 batch 2497
 batch 2498
 batch 2499
 batch 2500
 batch 2501
 batch 2502
 batch 2503
 batch 2504
 batch 2505
 batch 2506
 batch 2507
 batch 2508
 batch 2509
 batch 2510
 batch 2511
 batch 2512
 batch 2513
 batch 2514
 batch 2515
 batch 2516
 batch 2517
 batch 2518
 batch 2519
 batch 2520
 batch 2521
 batch 2522
 batch 2523
 batch 2524
 batch 2525
 batch 2526
 batch 2527
 batch 2528
 batch 2529
 batch 2530
 batch 2531
 batch 2532
 batch 2533
 batch 2534
 batch 2535
 batch 2536
 batch 2537
 batch 2538
 batch 2539
 batch 2540
 batch 2541
 batch 2542
 batch 2543
 batch 2544
 batch 2545
 batch 2546
 batch 2547
 batch 2548
 batch 2549
 batch 2550
 batch 2551
 batch 2552
 batch 2553
 batch 2554
 batch 2555
 batch 2556
 batch 2557
 batch 2558
 batch 2559
 batch 2560
 batch 2561
 batch 2562
 batch 2563
 batch 2564
 batch 2565
 batch 2566
 batch 2567
 batch 2568
 batch 2569
 batch 2570
 batch 2571
 batch 2572
 batch 2573
 batch 2574
 batch 2575
 batch 2576
 batch 2577
 batch 2578
 batch 2579
 batch 2580
 batch 2581
 batch 2582
 batch 2583
 batch 2584
 batch 2585
 batch 2586
 batch 2587
 batch 2588
 batch 2589
 batch 2590
 batch 2591
 batch 2592
 batch 2593
 batch 2594
 batch 2595
 batch 2596
 batch 2597
 batch 2598
 batch 2599
 batch 2600
 batch 2601
 batch 2602
 batch 2603
 batch 2604
 batch 2605
 batch 2606
 batch 2607
 batch 2608
 batch 2609
 batch 2610
 batch 2611
 batch 2612
 batch 2613
 batch 2614
 batch 2615
 batch 2616
 batch 2617
 batch 2618
 batch 2619
 batch 2620
 batch 2621
 batch 2622
 batch 2623
 batch 2624
 batch 2625
 batch 2626
 batch 2627
 batch 2628
 batch 2629
 batch 2630
 batch 2631
 batch 2632
 batch 2633
 batch 2634
 batch 2635
 batch 2636
 batch 2637
 batch 2638
 batch 2639
 batch 2640
 batch 2641
 batch 2642
 batch 2643
 batch 2644
 batch 2645
 batch 2646
 batch 2647
 batch 2648
 batch 2649
 batch 2650
 batch 2651
 batch 2652
 batch 2653
 batch 2654
 batch 2655
 batch 2656
 batch 2657
 batch 2658
 batch 2659
 batch 2660
 batch 2661
 batch 2662
 batch 2663
 batch 2664
 batch 2665
 batch 2666
 batch 2667
 batch 2668
 batch 2669
 batch 2670
 batch 2671
 batch 2672
 batch 2673
 batch 2674
 batch 2675
 batch 2676
 batch 2677
 batch 2678
 batch 2679
 batch 2680
 batch 2681
 batch 2682
 batch 2683
 batch 2684
 batch 2685
 batch 2686
 batch 2687
 batch 2688
 batch 2689
 batch 2690
 batch 2691
 batch 2692
 batch 2693
 batch 2694
 batch 2695
 batch 2696
 batch 2697
 batch 2698
 batch 2699
 batch 2700
 batch 2701
 batch 2702
 batch 2703
 batch 2704
 batch 2705
 batch 2706
 batch 2707
 batch 2708
 batch 2709
 batch 2710
 batch 2711
 batch 2712
 batch 2713
 batch 2714
 batch 2715
 batch 2716
 batch 2717
 batch 2718
 batch 2719
 batch 2720
 batch 2721
 batch 2722
 batch 2723
 batch 2724
 batch 2725
 batch 2726
 batch 2727
 batch 2728
 batch 2729
 batch 2730
 batch 2731
 batch 2732
 batch 2733
 batch 2734
 batch 2735
 batch 2736
 batch 2737
 batch 2738
 batch 2739
 batch 2740
 batch 2741
 batch 2742
 batch 2743
 batch 2744
 batch 2745
 batch 2746
 batch 2747
 batch 2748
 batch 2749
 batch 2750
 batch 2751
 batch 2752
 batch 2753
 batch 2754
 batch 2755
 batch 2756
 batch 2757
 batch 2758
 batch 2759
 batch 2760
 batch 2761
 batch 2762
 batch 2763
 batch 2764
 batch 2765
 batch 2766
 batch 2767
 batch 2768
 batch 2769
 batch 2770
 batch 2771
 batch 2772
 batch 2773
 batch 2774
 batch 2775
 batch 2776
 batch 2777
 batch 2778
 batch 2779
 batch 2780
 batch 2781
 batch 2782
 batch 2783
 batch 2784
 batch 2785
 batch 2786
 batch 2787
 batch 2788
 batch 2789
 batch 2790
 batch 2791
 batch 2792
 batch 2793
 batch 2794
 batch 2795
 batch 2796
 batch 2797
 batch 2798
 batch 2799
 batch 2800
 batch 2801
 batch 2802
 batch 2803
 batch 2804
 batch 2805
 batch 2806
 batch 2807
 batch 2808
 batch 2809
 batch 2810
 batch 2811
 batch 2812
 batch 2813
 batch 2814
 batch 2815
 batch 2816
 batch 2817
 batch 2818
 batch 2819
 batch 2820
 batch 2821
 batch 2822
 batch 2823
 batch 2824
 batch 2825
 batch 2826
 batch 2827
 batch 2828
 batch 2829
 batch 2830
 batch 2831
 batch 2832
 batch 2833
 batch 2834
 batch 2835
 batch 2836
 batch 2837
 batch 2838
 batch 2839
 batch 2840
 batch 2841
 batch 2842
 batch 2843
 batch 2844
 batch 2845
 batch 2846
 batch 2847
 batch 2848
 batch 2849
 batch 2850
 batch 2851
 batch 2852
 batch 2853
 batch 2854
 batch 2855
 batch 2856
 batch 2857
 batch 2858
 batch 2859
 batch 2860
 batch 2861
 batch 2862
 batch 2863
 batch 2864
 batch 2865
 batch 2866
 batch 2867
 batch 2868
 batch 2869
 batch 2870
 batch 2871
 batch 2872
 batch 2873
 batch 2874
 batch 2875
 batch 2876
 batch 2877
 batch 2878
 batch 2879
 batch 2880
 batch 2881
 batch 2882
 batch 2883
 batch 2884
 batch 2885
 batch 2886
 batch 2887
 batch 2888
 batch 2889
 batch 2890
 batch 2891
 batch 2892
 batch 2893
 batch 2894
 batch 2895
 batch 2896
 batch 2897
 batch 2898
 batch 2899
 batch 2900
 batch 2901
 batch 2902
 batch 2903
 batch 2904
 batch 2905
 batch 2906
 batch 2907
 batch 2908
 batch 2909
 batch 2910
 batch 2911
 batch 2912
 batch 2913
 batch 2914
 batch 2915
 batch 2916
 batch 2917
 batch 2918
 batch 2919
 batch 2920
 batch 2921
 batch 2922
 batch 2923
 batch 2924
 batch 2925
 batch 2926
 batch 2927
 batch 2928
 batch 2929
 batch 2930
 batch 2931
 batch 2932
 batch 2933
 batch 2934
 batch 2935
 batch 2936
 batch 2937
 batch 2938
 batch 2939
 batch 2940
 batch 2941
 batch 2942
 batch 2943
 batch 2944
 batch 2945
 batch 2946
 batch 2947
 batch 2948
 batch 2949
 batch 2950
 batch 2951
 batch 2952
 batch 2953
 batch 2954
 batch 2955
 batch 2956
 batch 2957
 batch 2958
 batch 2959
 batch 2960
 batch 2961
 batch 2962
 batch 2963
 batch 2964
 batch 2965
 batch 2966
 batch 2967
 batch 2968
 batch 2969
 batch 2970
 batch 2971
 batch 2972
 batch 2973
 batch 2974
 batch 2975
 batch 2976
 batch 2977
 batch 2978
 batch 2979
 batch 2980
 batch 2981
 batch 2982
 batch 2983
 batch 2984
 batch 2985
 batch 2986
 batch 2987
 batch 2988
 batch 2989
 batch 2990
 batch 2991
 batch 2992
 batch 2993
 batch 2994
 batch 2995
 batch 2996
 batch 2997
 batch 2998
 batch 2999
 batch 3000
 batch 3001
 batch 3002
 batch 3003
 batch 3004
 batch 3005
 batch 3006
 batch 3007
 batch 3008
 batch 3009
 batch 3010
 batch 3011
 batch 3012
 batch 3013
 batch 3014
 batch 3015
 batch 3016
 batch 3017
 batch 3018
 batch 3019
 batch 3020
 batch 3021
 batch 3022
 batch 3023
 batch 3024
 batch 3025
 batch 3026
 batch 3027
 batch 3028
 batch 3029
 batch 3030
 batch 3031
 batch 3032
 batch 3033
 batch 3034
 batch 3035
 batch 3036
 batch 3037
 batch 3038
 batch 3039
 batch 3040
 batch 3041
 batch 3042
 batch 3043
 batch 3044
 batch 3045
 batch 3046
 batch 3047
 batch 3048
 batch 3049
 batch 3050
 batch 3051
 batch 3052
 batch 3053
 batch 3054
 batch 3055
 batch 3056
 batch 3057
 batch 3058
 batch 3059
 batch 3060
 batch 3061
 batch 3062
 batch 3063
 batch 3064
 batch 3065
 batch 3066
 batch 3067
 batch 3068
 batch 3069
 batch 3070
 batch 3071
 batch 3072
 batch 3073
 batch 3074
 batch 3075
 batch 3076
 batch 3077
 batch 3078
 batch 3079
 batch 3080
 batch 3081
 batch 3082
 batch 3083
 batch 3084
 batch 3085
 batch 3086
 batch 3087
 batch 3088
 batch 3089
 batch 3090
 batch 3091
 batch 3092
 batch 3093
 batch 3094
 batch 3095
 batch 3096
 batch 3097
 batch 3098
 batch 3099
 batch 3100
 batch 3101
 batch 3102
 batch 3103
 batch 3104
 batch 3105
 batch 3106
 batch 3107
 batch 3108
 batch 3109
 batch 3110
 batch 3111
 batch 3112
 batch 3113
 batch 3114
 batch 3115
 batch 3116
 batch 3117
 batch 3118
 batch 3119
 batch 3120
 batch 3121
 batch 3122
 batch 3123
 batch 3124
 batch 3125
 batch 3126
 batch 3127
 batch 3128
 batch 3129
 batch 3130
 batch 3131
 batch 3132
 batch 3133
 batch 3134
 batch 3135
 batch 3136
 batch 3137
 batch 3138
 batch 3139
 batch 3140
 batch 3141
 batch 3142
 batch 3143
 batch 3144
 batch 3145
 batch 3146
 batch 3147
 batch 3148
 batch 3149
 batch 3150
 batch 3151
 batch 3152
 batch 3153
 batch 3154
 batch 3155
 batch 3156
 batch 3157
 batch 3158
 batch 3159
 batch 3160
 batch 3161
 batch 3162
 batch 3163
 batch 3164
 batch 3165
 batch 3166
 batch 3167
 batch 3168
 batch 3169
 batch 3170
 batch 3171
 batch 3172
 batch 3173
 batch 3174
 batch 3175
 batch 3176
 batch 3177
 batch 3178
 batch 3179
 batch 3180
 batch 3181
 batch 3182
 batch 3183
 batch 3184
 batch 3185
 batch 3186
 batch 3187
 batch 3188
 batch 3189
 batch 3190
 batch 3191
 batch 3192
 batch 3193
 batch 3194
 batch 3195
 batch 3196
 batch 3197
 batch 3198
 batch 3199
 batch 3200
 batch 3201
 batch 3202
 batch 3203
 batch 3204
 batch 3205
 batch 3206
 batch 3207
 batch 3208
 batch 3209
 batch 3210
 batch 3211
 batch 3212
 batch 3213
 batch 3214
 batch 3215
 batch 3216
 batch 3217
 batch 3218
 batch 3219
 batch 3220
 batch 3221
 batch 3222
 batch 3223
 batch 3224
 batch 3225
 batch 3226
 batch 3227
 batch 3228
 batch 3229
 batch 3230
 batch 3231
 batch 3232
 batch 3233
 batch 3234
 batch 3235
 batch 3236
 batch 3237
 batch 3238
 batch 3239
 batch 3240
 batch 3241
 batch 3242
 batch 3243
 batch 3244
 batch 3245
 batch 3246
 batch 3247
 batch 3248
 batch 3249
 batch 3250
 batch 3251
 batch 3252
 batch 3253
 batch 3254
 batch 3255
 batch 3256
 batch 3257
 batch 3258
 batch 3259
 batch 3260
 batch 3261
 batch 3262
 batch 3263
 batch 3264
 batch 3265
 batch 3266
 batch 3267
 batch 3268
 batch 3269
 batch 3270
 batch 3271
 batch 3272
 batch 3273
 batch 3274
 batch 3275
 batch 3276
 batch 3277
 batch 3278
 batch 3279
 batch 3280
 batch 3281
 batch 3282
 batch 3283
 batch 3284
 batch 3285
 batch 3286
 batch 3287
 batch 3288
 batch 3289
 batch 3290
 batch 3291
 batch 3292
 batch 3293
 batch 3294
 batch 3295
 batch 3296
 batch 3297
 batch 3298
 batch 3299
 batch 3300
 batch 3301
 batch 3302
 batch 3303
 batch 3304
 batch 3305
 batch 3306
 batch 3307
 batch 3308
 batch 3309
 batch 3310
 batch 3311
 batch 3312
 batch 3313
 batch 3314
 batch 3315
 batch 3316
 batch 3317
 batch 3318
 batch 3319
 batch 3320
 batch 3321
 batch 3322
 batch 3323
 batch 3324
 batch 3325
 batch 3326
 batch 3327
 batch 3328
 batch 3329
 batch 3330
 batch 3331
 batch 3332
 batch 3333
 batch 3334
 batch 3335
 batch 3336
 batch 3337
 batch 3338
 batch 3339
 batch 3340
 batch 3341
 batch 3342
 batch 3343
 batch 3344
 batch 3345
 batch 3346
 batch 3347
 batch 3348
 batch 3349
 batch 3350
 batch 3351
 batch 3352
 batch 3353
 batch 3354
 batch 3355
 batch 3356
 batch 3357
 batch 3358
 batch 3359
 batch 3360
 batch 3361
 batch 3362
 batch 3363
 batch 3364
 batch 3365
 batch 3366
 batch 3367
 batch 3368
 batch 3369
 batch 3370
 batch 3371
 batch 3372
 batch 3373
 batch 3374
 batch 3375
 batch 3376
 batch 3377
 batch 3378
 batch 3379
 batch 3380
 batch 3381
 batch 3382
 batch 3383
 batch 3384
 batch 3385
 batch 3386
 batch 3387
 batch 3388
 batch 3389
 batch 3390
 batch 3391
 batch 3392
 batch 3393
 batch 3394
 batch 3395
 batch 3396
 batch 3397
 batch 3398
 batch 3399
 batch 3400
 batch 3401
 batch 3402
 batch 3403
 batch 3404
 batch 3405
 batch 3406
 batch 3407
 batch 3408
 batch 3409
 batch 3410
 batch 3411
 batch 3412
 batch 3413
 batch 3414
 batch 3415
 batch 3416
 batch 3417
 batch 3418
 batch 3419
 batch 3420
 batch 3421
 batch 3422
 batch 3423
 batch 3424
 batch 3425
 batch 3426
 batch 3427
 batch 3428
 batch 3429
 batch 3430
 batch 3431
 batch 3432
 batch 3433
 batch 3434
 batch 3435
 batch 3436
 batch 3437
 batch 3438
 batch 3439
 batch 3440
 batch 3441
 batch 3442
 batch 3443
 batch 3444
 batch 3445
 batch 3446
 batch 3447
 batch 3448
 batch 3449
 batch 3450
 batch 3451
 batch 3452
 batch 3453
 batch 3454
 batch 3455
 batch 3456
 batch 3457
 batch 3458
 batch 3459
 batch 3460
 batch 3461
 batch 3462
 batch 3463
 batch 3464
 batch 3465
 batch 3466
 batch 3467
 batch 3468
 batch 3469
 batch 3470
 batch 3471
 batch 3472
 batch 3473
 batch 3474
 batch 3475
 batch 3476
 batch 3477
 batch 3478
 batch 3479
 batch 3480
 batch 3481
 batch 3482
 batch 3483
 batch 3484
 batch 3485
 batch 3486
 batch 3487
 batch 3488
 batch 3489
 batch 3490
 batch 3491
 batch 3492
 batch 3493
 batch 3494
 batch 3495
 batch 3496
 batch 3497
 batch 3498
 batch 3499
 batch 3500
 batch 3501
 batch 3502
 batch 3503
 batch 3504
 batch 3505
 batch 3506
 batch 3507
 batch 3508
 batch 3509
 batch 3510
 batch 3511
 batch 3512
 batch 3513
 batch 3514
 batch 3515
 batch 3516
 batch 3517
 batch 3518
 batch 3519
 batch 3520
 batch 3521
 batch 3522
 batch 3523
 batch 3524
 batch 3525
 batch 3526
 batch 3527
 batch 3528
 batch 3529
 batch 3530
 batch 3531
 batch 3532
 batch 3533
 batch 3534
 batch 3535
 batch 3536
 batch 3537
 batch 3538
 batch 3539
 batch 3540
 batch 3541
 batch 3542
 batch 3543
 batch 3544
 batch 3545
 batch 3546
 batch 3547
 batch 3548
 batch 3549
 batch 3550
 batch 3551
 batch 3552
 batch 3553
 batch 3554
 batch 3555
 batch 3556
 batch 3557
 batch 3558
 batch 3559
 batch 3560
 batch 3561
 batch 3562
 batch 3563
 batch 0
 batch 1
 batch 2
 batch 3
 batch 4
 batch 5
 batch 6
 batch 7
 batch 8
 batch 9
 batch 10
 batch 11
 batch 12
 batch 13
 batch 14
 batch 15
 batch 16
 batch 17
 batch 18
 batch 19
 batch 20
 batch 21
 batch 22
 batch 23
 batch 24
 batch 25
 batch 26
 batch 27
 batch 28
 batch 29
 batch 30
 batch 31
 batch 32
 batch 33
 batch 34
 batch 35
 batch 36
 batch 37
 batch 38
 batch 39
 batch 40
 batch 41
 batch 42
 batch 43
 batch 44
 batch 45
 batch 46
 batch 47
 batch 48
 batch 49
 batch 50
 batch 51
 batch 52
 batch 53
 batch 54
 batch 55
 batch 56
 batch 57
 batch 58
 batch 59
 batch 60
 batch 61
 batch 62
 batch 63
 batch 64
 batch 65
 batch 66
 batch 67
 batch 68
 batch 69
 batch 70
 batch 71
 batch 72
 batch 73
 batch 74
 batch 75
 batch 76
 batch 77
 batch 78
 batch 79
 batch 80
 batch 81
 batch 82
 batch 83
 batch 84
 batch 85
 batch 86
 batch 87
 batch 88
 batch 89
 batch 90
 batch 91
 batch 92
 batch 93
 batch 94
 batch 95
 batch 96
 batch 97
 batch 98
 batch 99
 batch 100
 batch 101
 batch 102
 batch 103
 batch 104
 batch 105
 batch 106
 batch 107
 batch 108
 batch 109
 batch 110
 batch 111
 batch 112
 batch 113
 batch 114
 batch 115
 batch 116
 batch 117
 batch 118
 batch 119
 batch 120
 batch 121
 batch 122
 batch 123
 batch 124
 batch 125
 batch 126
 batch 127
 batch 128
 batch 129
 batch 130
 batch 131
 batch 132
 batch 133
 batch 134
 batch 135
 batch 136
 batch 137
 batch 138
 batch 139
 batch 140
 batch 141
 batch 142
 batch 143
 batch 144
 batch 145
 batch 146
 batch 147
 batch 148
 batch 149
 batch 150
 batch 151
 batch 152
 batch 153
 batch 154
 batch 155
 batch 156
 batch 157
 batch 158
 batch 159
 batch 160
 batch 161
 batch 162
 batch 163
 batch 164
 batch 165
 batch 166
 batch 167
 batch 168
 batch 169
 batch 170
 batch 171
 batch 172
 batch 173
 batch 174
 batch 175
 batch 176
 batch 177
 batch 178
 batch 179
 batch 180
 batch 181
 batch 182
 batch 183
 batch 184
 batch 185
 batch 186
 batch 187
 batch 188
 batch 189
 batch 190
 batch 191
 batch 192
 batch 193
 batch 194
 batch 195
 batch 196
 batch 197
 batch 198
 batch 199
 batch 200
 batch 201
 batch 202
 batch 203
 batch 204
 batch 205
 batch 206
 batch 207
 batch 208
 batch 209
 batch 210
 batch 211
 batch 212
 batch 213
 batch 214
 batch 215
 batch 216
 batch 217
 batch 218
 batch 219
 batch 220
 batch 221
 batch 222
 batch 223
 batch 224
 batch 225
 batch 226
 batch 227
 batch 228
 batch 229
 batch 230
 batch 231
 batch 232
 batch 233
 batch 234
 batch 235
 batch 236
 batch 237
 batch 238
 batch 239
 batch 240
 batch 241
 batch 242
 batch 243
 batch 244
 batch 245
 batch 246
 batch 247
 batch 248
 batch 249
 batch 250
 batch 251
 batch 252
 batch 253
 batch 254
 batch 255
 batch 256
 batch 257
 batch 258
 batch 259
 batch 260
 batch 261
 batch 262
 batch 263
 batch 264
 batch 265
 batch 266
 batch 267
 batch 268
 batch 269
 batch 270
 batch 271
 batch 272
 batch 273
 batch 274
 batch 275
 batch 276
 batch 277
 batch 278
 batch 279
 batch 280
 batch 281
 batch 282
 batch 283
 batch 284
 batch 285
 batch 286
 batch 287
 batch 288
 batch 289
 batch 290
 batch 291
 batch 292
 batch 293
 batch 294
 batch 295
 batch 296
 batch 297
 batch 298
 batch 299
 batch 300
 batch 301
 batch 302
 batch 303
 batch 304
 batch 305
 batch 306
 batch 307
 batch 308
 batch 309
 batch 310
 batch 311
 batch 312
 batch 313
 batch 314
 batch 315
 batch 316
 batch 317
 batch 318
 batch 319
 batch 320
 batch 321
 batch 322
 batch 323
 batch 324
 batch 325
 batch 326
 batch 327
 batch 328
 batch 329
 batch 330
 batch 331
 batch 332
 batch 333
 batch 334
 batch 335
 batch 336
 batch 337
 batch 338
 batch 339
 batch 340
 batch 341
 batch 342
 batch 343
 batch 344
 batch 345
 batch 346
 batch 347
 batch 348
 batch 349
 batch 350
 batch 351
 batch 352
 batch 353
 batch 354
 batch 355
 batch 356
 batch 357
 batch 358
 batch 359
 batch 360
 batch 361
 batch 362
 batch 363
 batch 364
 batch 365
 batch 366
 batch 367
 batch 368
 batch 369
 batch 370
 batch 371
 batch 372
 batch 373
 batch 374
 batch 375
 batch 376
 batch 377
 batch 378
 batch 379
 batch 380
 batch 381
 batch 382
 batch 383
 batch 384
 batch 385
 batch 386
 batch 387
 batch 388
 batch 389
 batch 390
 batch 391
 batch 392
 batch 393
 batch 394
 batch 395
Epoch 3

 batch 0
 batch 1
 batch 2
 batch 3
 batch 4
 batch 5
 batch 6
 batch 7
 batch 8
 batch 9
 batch 10
 batch 11
 batch 12
 batch 13
 batch 14
 batch 15
 batch 16
 batch 17
 batch 18
 batch 19
 batch 20
 batch 21
 batch 22
 batch 23
 batch 24
 batch 25
 batch 26
 batch 27
 batch 28
 batch 29
 batch 30
 batch 31
 batch 32
 batch 33
 batch 34
 batch 35
 batch 36
 batch 37
 batch 38
 batch 39
 batch 40
 batch 41
 batch 42
 batch 43
 batch 44
 batch 45
 batch 46
 batch 47
 batch 48
 batch 49
 batch 50
 batch 51
 batch 52
 batch 53
 batch 54
 batch 55
 batch 56
 batch 57
 batch 58
 batch 59
 batch 60
 batch 61
 batch 62
 batch 63
 batch 64
 batch 65
 batch 66
 batch 67
 batch 68
 batch 69
 batch 70
 batch 71
 batch 72
 batch 73
 batch 74
 batch 75
 batch 76
 batch 77
 batch 78
 batch 79
 batch 80
 batch 81
 batch 82
 batch 83
 batch 84
 batch 85
 batch 86
 batch 87
 batch 88
 batch 89
 batch 90
 batch 91
 batch 92
 batch 93
 batch 94
 batch 95
 batch 96
 batch 97
 batch 98
 batch 99
 batch 100
 batch 101
 batch 102
 batch 103
 batch 104
 batch 105
 batch 106
 batch 107
 batch 108
 batch 109
 batch 110
 batch 111
 batch 112
 batch 113
 batch 114
 batch 115
 batch 116
 batch 117
 batch 118
 batch 119
 batch 120
 batch 121
 batch 122
 batch 123
 batch 124
 batch 125
 batch 126
 batch 127
 batch 128
 batch 129
 batch 130
 batch 131
 batch 132
 batch 133
 batch 134
 batch 135
 batch 136
 batch 137
 batch 138
 batch 139
 batch 140
 batch 141
 batch 142
 batch 143
 batch 144
 batch 145
 batch 146
 batch 147
 batch 148
 batch 149
 batch 150
 batch 151
 batch 152
 batch 153
 batch 154
 batch 155
 batch 156
 batch 157
 batch 158
 batch 159
 batch 160
 batch 161
 batch 162
 batch 163
 batch 164
 batch 165
 batch 166
 batch 167
 batch 168
 batch 169
 batch 170
